Using pre-set license
Built from '2020.3/staging' branch; Version is '2020.3.9f1 (108be757e447) revision 1084391'; Using compiler version '192528614'; Build Type 'Release'
OS: 'Windows 10 Enterprise; OS build 19042.985; Version 2009; 64bit' Language: 'ru' Physical Memory: 16304 MB
BatchMode: 1, IsHumanControllingUs: 0, StartBugReporterOnCrash: 0, Is64bit: 1, IsPro: 0

 COMMAND LINE ARGUMENTS:
D:\Unity\Hub\Editor\2020.3.9f1\Editor\Unity.exe
-adb2
-batchMode
-noUpm
-name
AssetImportWorker0
-projectPath
D:/Unity/Race game/Car game
-logFile
Logs/AssetImportWorker0.log
-srvPort
55216
Successfully changed project path to: D:/Unity/Race game/Car game
D:/Unity/Race game/Car game
Using Asset Import Pipeline V2.
Refreshing native plugins compatible for Editor in 84.64 ms, found 0 plugins.
Preloading 0 native plugins for Editor in 0.00 ms.
Initialize engine version: 2020.3.9f1 (108be757e447)
[Subsystems] Discovering subsystems at path D:/Unity/Hub/Editor/2020.3.9f1/Editor/Data/Resources/UnitySubsystems
[Subsystems] Discovering subsystems at path D:/Unity/Race game/Car game/Assets
GfxDevice: creating device client; threaded=0
Direct3D:
    Version:  Direct3D 11.0 [level 11.1]
    Renderer: NVIDIA GeForce GTX 1650 (ID=0x1f91)
    Vendor:   
    VRAM:     3962 MB
    Driver:   27.21.14.6647
Initialize mono
Mono path[0] = 'D:/Unity/Hub/Editor/2020.3.9f1/Editor/Data/Managed'
Mono path[1] = 'D:/Unity/Hub/Editor/2020.3.9f1/Editor/Data/MonoBleedingEdge/lib/mono/unityjit'
Mono config path = 'D:/Unity/Hub/Editor/2020.3.9f1/Editor/Data/MonoBleedingEdge/etc'
Using monoOptions --debugger-agent=transport=dt_socket,embedding=1,server=y,suspend=n,address=127.0.0.1:56972
Begin MonoManager ReloadAssembly
Registering precompiled unity dll's ...
Register platform support module: D:/Unity/Hub/Editor/2020.3.9f1/Editor/Data/PlaybackEngines/WebGLSupport/UnityEditor.WebGL.Extensions.dll
Register platform support module: D:/Unity/Hub/Editor/2020.3.9f1/Editor/Data/PlaybackEngines/WindowsStandaloneSupport/UnityEditor.WindowsStandalone.Extensions.dll
Registered in 0.003738 seconds.
Native extension for WindowsStandalone target not found
Native extension for WebGL target not found
Refreshing native plugins compatible for Editor in 71.61 ms, found 0 plugins.
Preloading 0 native plugins for Editor in 0.00 ms.
Mono: successfully reloaded assembly
- Completed reload, in  4.571 seconds
Platform modules already initialized, skipping
Registering precompiled user dll's ...
Registered in 0.002163 seconds.
Begin MonoManager ReloadAssembly
Native extension for WindowsStandalone target not found
Native extension for WebGL target not found
Refreshing native plugins compatible for Editor in 0.35 ms, found 0 plugins.
Preloading 0 native plugins for Editor in 0.00 ms.
Mono: successfully reloaded assembly
- Completed reload, in  1.404 seconds
Platform modules already initialized, skipping
========================================================================
Worker process is ready to serve import requests
Launched and connected shader compiler UnityShaderCompiler.exe after 0.07 seconds
Refreshing native plugins compatible for Editor in 0.60 ms, found 0 plugins.
Preloading 0 native plugins for Editor in 0.00 ms.
Unloading 1230 Unused Serialized files (Serialized files now loaded: 0)
System memory in use before: 87.4 MB.
System memory in use after: 87.5 MB.

Unloading 11 unused Assets to reduce memory usage. Loaded Objects now: 1811.
Total: 2.641200 ms (FindLiveObjects: 0.390500 ms CreateObjectMapping: 0.145100 ms MarkObjects: 1.897200 ms  DeleteObjects: 0.206200 ms)

========================================================================
Received Prepare
Registering precompiled user dll's ...
Registered in 0.001519 seconds.
Begin MonoManager ReloadAssembly
Native extension for WindowsStandalone target not found
Native extension for WebGL target not found
Refreshing native plugins compatible for Editor in 0.57 ms, found 0 plugins.
Preloading 0 native plugins for Editor in 0.00 ms.
Mono: successfully reloaded assembly
- Completed reload, in  1.733 seconds
Platform modules already initialized, skipping
Refreshing native plugins compatible for Editor in 0.73 ms, found 0 plugins.
Preloading 0 native plugins for Editor in 0.00 ms.
Unloading 1200 Unused Serialized files (Serialized files now loaded: 0)
System memory in use before: 84.9 MB.
System memory in use after: 84.9 MB.

Unloading 7 unused Assets to reduce memory usage. Loaded Objects now: 1814.
Total: 4.201200 ms (FindLiveObjects: 0.305900 ms CreateObjectMapping: 0.125400 ms MarkObjects: 3.548100 ms  DeleteObjects: 0.219500 ms)

========================================================================
Received Prepare
Registering precompiled user dll's ...
Registered in 0.001362 seconds.
Begin MonoManager ReloadAssembly
Native extension for WindowsStandalone target not found
Native extension for WebGL target not found
Refreshing native plugins compatible for Editor in 0.94 ms, found 0 plugins.
Preloading 0 native plugins for Editor in 0.00 ms.
Mono: successfully reloaded assembly
- Completed reload, in  2.097 seconds
Platform modules already initialized, skipping
Refreshing native plugins compatible for Editor in 0.40 ms, found 0 plugins.
Preloading 0 native plugins for Editor in 0.00 ms.
Unloading 1200 Unused Serialized files (Serialized files now loaded: 0)
System memory in use before: 84.9 MB.
System memory in use after: 85.0 MB.

Unloading 7 unused Assets to reduce memory usage. Loaded Objects now: 1817.
Total: 2.567300 ms (FindLiveObjects: 0.207600 ms CreateObjectMapping: 0.068800 ms MarkObjects: 2.166100 ms  DeleteObjects: 0.123600 ms)

========================================================================
Received Import Request.
  path: Assets/Music.cs
  artifactKey: Guid(861da3f9db621be4e9593eb363cd5df9) Importer(815301076,1909f56bfc062723c751e8b465ee728b)
Start importing Assets/Music.cs using Guid(861da3f9db621be4e9593eb363cd5df9) Importer(815301076,1909f56bfc062723c751e8b465ee728b)  -> (artifact id: 'fc5739422833adfc659ddf41bdc87a9d') in 0.206356 seconds
  Import took 0.212184 seconds .

========================================================================
Received Prepare
Registering precompiled user dll's ...
Registered in 0.001300 seconds.
Begin MonoManager ReloadAssembly
Native extension for WindowsStandalone target not found
Native extension for WebGL target not found
Refreshing native plugins compatible for Editor in 0.48 ms, found 0 plugins.
Preloading 0 native plugins for Editor in 0.00 ms.
Mono: successfully reloaded assembly
- Completed reload, in  2.004 seconds
Platform modules already initialized, skipping
Refreshing native plugins compatible for Editor in 0.68 ms, found 0 plugins.
Preloading 0 native plugins for Editor in 0.00 ms.
Unloading 1200 Unused Serialized files (Serialized files now loaded: 0)
System memory in use before: 84.9 MB.
System memory in use after: 85.0 MB.

Unloading 7 unused Assets to reduce memory usage. Loaded Objects now: 1820.
Total: 4.100300 ms (FindLiveObjects: 0.298300 ms CreateObjectMapping: 0.112100 ms MarkObjects: 3.479700 ms  DeleteObjects: 0.207600 ms)

========================================================================
Received Import Request.
  Time since last request: 204.985675 seconds.
  path: Assets/Escape.cs
  artifactKey: Guid(b32cbe0d08709784aa15ccc5e8c0a8ac) Importer(815301076,1909f56bfc062723c751e8b465ee728b)
Start importing Assets/Escape.cs using Guid(b32cbe0d08709784aa15ccc5e8c0a8ac) Importer(815301076,1909f56bfc062723c751e8b465ee728b)  -> (artifact id: '11b80bc21e636b4a1bc6ea79d688c0c5') in 0.027877 seconds
  Import took 0.031981 seconds .

========================================================================
Received Prepare
Registering precompiled user dll's ...
Registered in 0.001299 seconds.
Begin MonoManager ReloadAssembly
Native extension for WindowsStandalone target not found
Native extension for WebGL target not found
Refreshing native plugins compatible for Editor in 0.70 ms, found 0 plugins.
Preloading 0 native plugins for Editor in 0.00 ms.
Mono: successfully reloaded assembly
- Completed reload, in  1.603 seconds
Platform modules already initialized, skipping
Refreshing native plugins compatible for Editor in 0.84 ms, found 0 plugins.
Preloading 0 native plugins for Editor in 0.00 ms.
Unloading 1200 Unused Serialized files (Serialized files now loaded: 0)
System memory in use before: 84.9 MB.
System memory in use after: 85.0 MB.

Unloading 7 unused Assets to reduce memory usage. Loaded Objects now: 1823.
Total: 4.577900 ms (FindLiveObjects: 0.344000 ms CreateObjectMapping: 0.143900 ms MarkObjects: 3.852500 ms  DeleteObjects: 0.235100 ms)

========================================================================
Received Prepare
Registering precompiled user dll's ...
Registered in 0.001330 seconds.
Begin MonoManager ReloadAssembly
Native extension for WindowsStandalone target not found
Native extension for WebGL target not found
Refreshing native plugins compatible for Editor in 0.31 ms, found 0 plugins.
Preloading 0 native plugins for Editor in 0.00 ms.
Mono: successfully reloaded assembly
- Completed reload, in  1.225 seconds
Platform modules already initialized, skipping
Refreshing native plugins compatible for Editor in 0.29 ms, found 0 plugins.
Preloading 0 native plugins for Editor in 0.00 ms.
Unloading 1200 Unused Serialized files (Serialized files now loaded: 0)
System memory in use before: 84.9 MB.
System memory in use after: 85.0 MB.

Unloading 7 unused Assets to reduce memory usage. Loaded Objects now: 1826.
Total: 2.045200 ms (FindLiveObjects: 0.198300 ms CreateObjectMapping: 0.057900 ms MarkObjects: 1.688700 ms  DeleteObjects: 0.099000 ms)

========================================================================
Received Prepare
Registering precompiled user dll's ...
Registered in 0.002969 seconds.
Begin MonoManager ReloadAssembly
Native extension for WindowsStandalone target not found
Native extension for WebGL target not found
Refreshing native plugins compatible for Editor in 0.52 ms, found 0 plugins.
Preloading 0 native plugins for Editor in 0.00 ms.
Mono: successfully reloaded assembly
- Completed reload, in  2.043 seconds
Platform modules already initialized, skipping
Refreshing native plugins compatible for Editor in 0.29 ms, found 0 plugins.
Preloading 0 native plugins for Editor in 0.00 ms.
Unloading 1200 Unused Serialized files (Serialized files now loaded: 0)
System memory in use before: 85.0 MB.
System memory in use after: 85.0 MB.

Unloading 7 unused Assets to reduce memory usage. Loaded Objects now: 1829.
Total: 1.825900 ms (FindLiveObjects: 0.148900 ms CreateObjectMapping: 0.042800 ms MarkObjects: 1.533600 ms  DeleteObjects: 0.099400 ms)

========================================================================
Received Import Request.
  Time since last request: 266.052378 seconds.
  path: Assets/Win.cs
  artifactKey: Guid(a981824ec7934cc4eabad677640d14e0) Importer(815301076,1909f56bfc062723c751e8b465ee728b)
Start importing Assets/Win.cs using Guid(a981824ec7934cc4eabad677640d14e0) Importer(815301076,1909f56bfc062723c751e8b465ee728b)  -> (artifact id: '0cb57e69fb9c5481bb6abbdc7b28aff0') in 0.020777 seconds
  Import took 0.032060 seconds .

========================================================================
Received Prepare
Registering precompiled user dll's ...
Registered in 0.002711 seconds.
Begin MonoManager ReloadAssembly
Native extension for WindowsStandalone target not found
Native extension for WebGL target not found
Refreshing native plugins compatible for Editor in 0.49 ms, found 0 plugins.
Preloading 0 native plugins for Editor in 0.00 ms.
Mono: successfully reloaded assembly
- Completed reload, in  1.735 seconds
Platform modules already initialized, skipping
Refreshing native plugins compatible for Editor in 0.48 ms, found 0 plugins.
Preloading 0 native plugins for Editor in 0.00 ms.
Unloading 1201 Unused Serialized files (Serialized files now loaded: 0)
System memory in use before: 85.0 MB.
System memory in use after: 85.1 MB.

Unloading 7 unused Assets to reduce memory usage. Loaded Objects now: 1833.
Total: 4.271400 ms (FindLiveObjects: 0.376200 ms CreateObjectMapping: 0.133900 ms MarkObjects: 3.556100 ms  DeleteObjects: 0.202700 ms)

========================================================================
Received Import Request.
  Time since last request: 166.654663 seconds.
  path: Assets/TimerText.cs
  artifactKey: Guid(e12d666d89356e94c9a1f94db7d2e634) Importer(815301076,1909f56bfc062723c751e8b465ee728b)
Start importing Assets/TimerText.cs using Guid(e12d666d89356e94c9a1f94db7d2e634) Importer(815301076,1909f56bfc062723c751e8b465ee728b)  -> (artifact id: '2a14d018fd6307d13dfc3eb27e5e1347') in 0.037620 seconds
  Import took 0.088597 seconds .

========================================================================
Received Prepare
Registering precompiled user dll's ...
Registered in 0.002116 seconds.
Begin MonoManager ReloadAssembly
Native extension for WindowsStandalone target not found
Native extension for WebGL target not found
Refreshing native plugins compatible for Editor in 0.56 ms, found 0 plugins.
Preloading 0 native plugins for Editor in 0.00 ms.
Mono: successfully reloaded assembly
- Completed reload, in  1.552 seconds
Platform modules already initialized, skipping
Refreshing native plugins compatible for Editor in 0.74 ms, found 0 plugins.
Preloading 0 native plugins for Editor in 0.00 ms.
Unloading 1201 Unused Serialized files (Serialized files now loaded: 0)
System memory in use before: 85.0 MB.
System memory in use after: 85.1 MB.

Unloading 7 unused Assets to reduce memory usage. Loaded Objects now: 1836.
Total: 3.540600 ms (FindLiveObjects: 0.264300 ms CreateObjectMapping: 0.099900 ms MarkObjects: 2.881900 ms  DeleteObjects: 0.292400 ms)

========================================================================
Received Prepare
Registering precompiled user dll's ...
Registered in 0.001449 seconds.
Begin MonoManager ReloadAssembly
Native extension for WindowsStandalone target not found
Native extension for WebGL target not found
Refreshing native plugins compatible for Editor in 0.34 ms, found 0 plugins.
Preloading 0 native plugins for Editor in 0.00 ms.
Mono: successfully reloaded assembly
- Completed reload, in  1.472 seconds
Platform modules already initialized, skipping
Refreshing native plugins compatible for Editor in 0.72 ms, found 0 plugins.
Preloading 0 native plugins for Editor in 0.00 ms.
Unloading 1201 Unused Serialized files (Serialized files now loaded: 0)
System memory in use before: 84.9 MB.
System memory in use after: 85.0 MB.

Unloading 7 unused Assets to reduce memory usage. Loaded Objects now: 1839.
Total: 4.525500 ms (FindLiveObjects: 0.385300 ms CreateObjectMapping: 0.120300 ms MarkObjects: 3.780500 ms  DeleteObjects: 0.236400 ms)

========================================================================
Received Prepare
Registering precompiled user dll's ...
Registered in 0.002142 seconds.
Begin MonoManager ReloadAssembly
Native extension for WindowsStandalone target not found
Native extension for WebGL target not found
Refreshing native plugins compatible for Editor in 0.31 ms, found 0 plugins.
Preloading 0 native plugins for Editor in 0.00 ms.
Mono: successfully reloaded assembly
- Completed reload, in  1.444 seconds
Platform modules already initialized, skipping
Refreshing native plugins compatible for Editor in 0.80 ms, found 0 plugins.
Preloading 0 native plugins for Editor in 0.00 ms.
Unloading 1201 Unused Serialized files (Serialized files now loaded: 0)
System memory in use before: 84.9 MB.
System memory in use after: 85.0 MB.

Unloading 7 unused Assets to reduce memory usage. Loaded Objects now: 1842.
Total: 4.236800 ms (FindLiveObjects: 0.332200 ms CreateObjectMapping: 0.125100 ms MarkObjects: 3.571100 ms  DeleteObjects: 0.206000 ms)

========================================================================
Received Prepare
Registering precompiled user dll's ...
Registered in 0.002322 seconds.
Begin MonoManager ReloadAssembly
Native extension for WindowsStandalone target not found
Native extension for WebGL target not found
Refreshing native plugins compatible for Editor in 0.80 ms, found 0 plugins.
Preloading 0 native plugins for Editor in 0.00 ms.
Mono: successfully reloaded assembly
- Completed reload, in  1.970 seconds
Platform modules already initialized, skipping
Refreshing native plugins compatible for Editor in 0.83 ms, found 0 plugins.
Preloading 0 native plugins for Editor in 0.00 ms.
Unloading 1201 Unused Serialized files (Serialized files now loaded: 0)
System memory in use before: 84.9 MB.
System memory in use after: 85.0 MB.

Unloading 7 unused Assets to reduce memory usage. Loaded Objects now: 1845.
Total: 4.596100 ms (FindLiveObjects: 0.419200 ms CreateObjectMapping: 0.145100 ms MarkObjects: 3.793900 ms  DeleteObjects: 0.235200 ms)

========================================================================
Received Prepare
Registering precompiled user dll's ...
Registered in 0.001218 seconds.
Begin MonoManager ReloadAssembly
Native extension for WindowsStandalone target not found
Native extension for WebGL target not found
Refreshing native plugins compatible for Editor in 0.57 ms, found 0 plugins.
Preloading 0 native plugins for Editor in 0.00 ms.
Mono: successfully reloaded assembly
- Completed reload, in  1.548 seconds
Platform modules already initialized, skipping
Refreshing native plugins compatible for Editor in 0.72 ms, found 0 plugins.
Preloading 0 native plugins for Editor in 0.00 ms.
Unloading 1201 Unused Serialized files (Serialized files now loaded: 0)
System memory in use before: 84.9 MB.
System memory in use after: 85.0 MB.

Unloading 7 unused Assets to reduce memory usage. Loaded Objects now: 1848.
Total: 4.988300 ms (FindLiveObjects: 0.682800 ms CreateObjectMapping: 0.134700 ms MarkObjects: 3.922500 ms  DeleteObjects: 0.245500 ms)

========================================================================
Received Prepare
Registering precompiled user dll's ...
Registered in 0.002752 seconds.
Begin MonoManager ReloadAssembly
Native extension for WindowsStandalone target not found
Native extension for WebGL target not found
Refreshing native plugins compatible for Editor in 0.30 ms, found 0 plugins.
Preloading 0 native plugins for Editor in 0.00 ms.
Mono: successfully reloaded assembly
- Completed reload, in  1.454 seconds
Platform modules already initialized, skipping
Refreshing native plugins compatible for Editor in 0.77 ms, found 0 plugins.
Preloading 0 native plugins for Editor in 0.00 ms.
Unloading 1201 Unused Serialized files (Serialized files now loaded: 0)
System memory in use before: 84.9 MB.
System memory in use after: 85.0 MB.

Unloading 7 unused Assets to reduce memory usage. Loaded Objects now: 1851.
Total: 4.471800 ms (FindLiveObjects: 0.360200 ms CreateObjectMapping: 0.113100 ms MarkObjects: 3.762700 ms  DeleteObjects: 0.233000 ms)

========================================================================
Received Prepare
Registering precompiled user dll's ...
Registered in 0.001893 seconds.
Begin MonoManager ReloadAssembly
Native extension for WindowsStandalone target not found
Native extension for WebGL target not found
Refreshing native plugins compatible for Editor in 0.31 ms, found 0 plugins.
Preloading 0 native plugins for Editor in 0.00 ms.
Mono: successfully reloaded assembly
- Completed reload, in  1.522 seconds
Platform modules already initialized, skipping
Refreshing native plugins compatible for Editor in 0.78 ms, found 0 plugins.
Preloading 0 native plugins for Editor in 0.00 ms.
Unloading 1201 Unused Serialized files (Serialized files now loaded: 0)
System memory in use before: 85.0 MB.
System memory in use after: 85.0 MB.

Unloading 7 unused Assets to reduce memory usage. Loaded Objects now: 1854.
Total: 2.809700 ms (FindLiveObjects: 0.396700 ms CreateObjectMapping: 0.150800 ms MarkObjects: 2.108300 ms  DeleteObjects: 0.151800 ms)

========================================================================
Received Prepare
Registering precompiled user dll's ...
Registered in 0.001393 seconds.
Begin MonoManager ReloadAssembly
Native extension for WindowsStandalone target not found
Native extension for WebGL target not found
Refreshing native plugins compatible for Editor in 0.95 ms, found 0 plugins.
Preloading 0 native plugins for Editor in 0.00 ms.
Mono: successfully reloaded assembly
- Completed reload, in  2.135 seconds
Platform modules already initialized, skipping
Refreshing native plugins compatible for Editor in 0.74 ms, found 0 plugins.
Preloading 0 native plugins for Editor in 0.00 ms.
Unloading 1201 Unused Serialized files (Serialized files now loaded: 0)
System memory in use before: 85.0 MB.
System memory in use after: 85.0 MB.

Unloading 7 unused Assets to reduce memory usage. Loaded Objects now: 1857.
Total: 4.589100 ms (FindLiveObjects: 0.360200 ms CreateObjectMapping: 0.123500 ms MarkObjects: 3.875200 ms  DeleteObjects: 0.227700 ms)

========================================================================
Received Prepare
Registering precompiled user dll's ...
Registered in 0.002857 seconds.
Begin MonoManager ReloadAssembly
Native extension for WindowsStandalone target not found
Native extension for WebGL target not found
Refreshing native plugins compatible for Editor in 0.47 ms, found 0 plugins.
Preloading 0 native plugins for Editor in 0.00 ms.
Mono: successfully reloaded assembly
- Completed reload, in  2.150 seconds
Platform modules already initialized, skipping
Refreshing native plugins compatible for Editor in 0.70 ms, found 0 plugins.
Preloading 0 native plugins for Editor in 0.00 ms.
Unloading 1201 Unused Serialized files (Serialized files now loaded: 0)
System memory in use before: 85.0 MB.
System memory in use after: 85.0 MB.

Unloading 7 unused Assets to reduce memory usage. Loaded Objects now: 1860.
Total: 2.511700 ms (FindLiveObjects: 0.264300 ms CreateObjectMapping: 0.082600 ms MarkObjects: 2.022500 ms  DeleteObjects: 0.140400 ms)

========================================================================
Received Prepare
Registering precompiled user dll's ...
Registered in 0.001283 seconds.
Begin MonoManager ReloadAssembly
Native extension for WindowsStandalone target not found
Native extension for WebGL target not found
Refreshing native plugins compatible for Editor in 0.49 ms, found 0 plugins.
Preloading 0 native plugins for Editor in 0.00 ms.
Mono: successfully reloaded assembly
- Completed reload, in  1.433 seconds
Platform modules already initialized, skipping
Refreshing native plugins compatible for Editor in 0.55 ms, found 0 plugins.
Preloading 0 native plugins for Editor in 0.00 ms.
Unloading 1201 Unused Serialized files (Serialized files now loaded: 0)
System memory in use before: 85.0 MB.
System memory in use after: 85.0 MB.

Unloading 7 unused Assets to reduce memory usage. Loaded Objects now: 1863.
Total: 3.539600 ms (FindLiveObjects: 0.277800 ms CreateObjectMapping: 0.093400 ms MarkObjects: 2.996800 ms  DeleteObjects: 0.169600 ms)

========================================================================
Received Prepare
Registering precompiled user dll's ...
Registered in 0.001282 seconds.
Begin MonoManager ReloadAssembly
Native extension for WindowsStandalone target not found
Native extension for WebGL target not found
Refreshing native plugins compatible for Editor in 0.58 ms, found 0 plugins.
Preloading 0 native plugins for Editor in 0.00 ms.
Mono: successfully reloaded assembly
- Completed reload, in  1.611 seconds
Platform modules already initialized, skipping
Refreshing native plugins compatible for Editor in 0.54 ms, found 0 plugins.
Preloading 0 native plugins for Editor in 0.00 ms.
Unloading 1201 Unused Serialized files (Serialized files now loaded: 0)
System memory in use before: 85.0 MB.
System memory in use after: 85.0 MB.

Unloading 7 unused Assets to reduce memory usage. Loaded Objects now: 1866.
Total: 3.538700 ms (FindLiveObjects: 0.277700 ms CreateObjectMapping: 0.086100 ms MarkObjects: 2.980700 ms  DeleteObjects: 0.192400 ms)

========================================================================
Received Prepare
Registering precompiled user dll's ...
Registered in 0.002068 seconds.
Begin MonoManager ReloadAssembly
Native extension for WindowsStandalone target not found
Native extension for WebGL target not found
Refreshing native plugins compatible for Editor in 0.52 ms, found 0 plugins.
Preloading 0 native plugins for Editor in 0.00 ms.
Mono: successfully reloaded assembly
- Completed reload, in  2.161 seconds
Platform modules already initialized, skipping
Refreshing native plugins compatible for Editor in 0.75 ms, found 0 plugins.
Preloading 0 native plugins for Editor in 0.00 ms.
Unloading 1201 Unused Serialized files (Serialized files now loaded: 0)
System memory in use before: 85.0 MB.
System memory in use after: 85.1 MB.

Unloading 7 unused Assets to reduce memory usage. Loaded Objects now: 1869.
Total: 3.694900 ms (FindLiveObjects: 0.294600 ms CreateObjectMapping: 0.103100 ms MarkObjects: 3.117800 ms  DeleteObjects: 0.177200 ms)

========================================================================
Received Prepare
Registering precompiled user dll's ...
Registered in 0.001468 seconds.
Begin MonoManager ReloadAssembly
Native extension for WindowsStandalone target not found
Native extension for WebGL target not found
Refreshing native plugins compatible for Editor in 0.57 ms, found 0 plugins.
Preloading 0 native plugins for Editor in 0.00 ms.
Mono: successfully reloaded assembly
- Completed reload, in  1.692 seconds
Platform modules already initialized, skipping
Refreshing native plugins compatible for Editor in 1.20 ms, found 0 plugins.
Preloading 0 native plugins for Editor in 0.00 ms.
Unloading 1201 Unused Serialized files (Serialized files now loaded: 0)
System memory in use before: 85.0 MB.
System memory in use after: 85.1 MB.

Unloading 7 unused Assets to reduce memory usage. Loaded Objects now: 1872.
Total: 13.657300 ms (FindLiveObjects: 3.004400 ms CreateObjectMapping: 0.268200 ms MarkObjects: 10.083800 ms  DeleteObjects: 0.297700 ms)

========================================================================
Received Prepare
Registering precompiled user dll's ...
Registered in 0.002164 seconds.
Begin MonoManager ReloadAssembly
Native extension for WindowsStandalone target not found
Native extension for WebGL target not found
Refreshing native plugins compatible for Editor in 0.65 ms, found 0 plugins.
Preloading 0 native plugins for Editor in 0.00 ms.
Mono: successfully reloaded assembly
- Completed reload, in  1.982 seconds
Platform modules already initialized, skipping
Refreshing native plugins compatible for Editor in 0.58 ms, found 0 plugins.
Preloading 0 native plugins for Editor in 0.00 ms.
Unloading 1201 Unused Serialized files (Serialized files now loaded: 0)
System memory in use before: 85.0 MB.
System memory in use after: 85.1 MB.

Unloading 7 unused Assets to reduce memory usage. Loaded Objects now: 1875.
Total: 3.850600 ms (FindLiveObjects: 0.317700 ms CreateObjectMapping: 0.159900 ms MarkObjects: 3.115900 ms  DeleteObjects: 0.254900 ms)

========================================================================
Received Prepare
Registering precompiled user dll's ...
Registered in 0.001566 seconds.
Begin MonoManager ReloadAssembly
Native extension for WindowsStandalone target not found
Native extension for WebGL target not found
Refreshing native plugins compatible for Editor in 0.30 ms, found 0 plugins.
Preloading 0 native plugins for Editor in 0.00 ms.
Mono: successfully reloaded assembly
- Completed reload, in  1.375 seconds
Platform modules already initialized, skipping
Refreshing native plugins compatible for Editor in 0.54 ms, found 0 plugins.
Preloading 0 native plugins for Editor in 0.00 ms.
Unloading 1201 Unused Serialized files (Serialized files now loaded: 0)
System memory in use before: 85.0 MB.
System memory in use after: 85.1 MB.

Unloading 7 unused Assets to reduce memory usage. Loaded Objects now: 1878.
Total: 3.503600 ms (FindLiveObjects: 0.280800 ms CreateObjectMapping: 0.096100 ms MarkObjects: 2.948500 ms  DeleteObjects: 0.175800 ms)

========================================================================
Received Prepare
Registering precompiled user dll's ...
Registered in 0.001096 seconds.
Begin MonoManager ReloadAssembly
Native extension for WindowsStandalone target not found
Native extension for WebGL target not found
Refreshing native plugins compatible for Editor in 0.50 ms, found 0 plugins.
Preloading 0 native plugins for Editor in 0.00 ms.
Mono: successfully reloaded assembly
- Completed reload, in  1.657 seconds
Platform modules already initialized, skipping
Refreshing native plugins compatible for Editor in 0.60 ms, found 0 plugins.
Preloading 0 native plugins for Editor in 0.00 ms.
Unloading 1201 Unused Serialized files (Serialized files now loaded: 0)
System memory in use before: 85.0 MB.
System memory in use after: 85.1 MB.

Unloading 7 unused Assets to reduce memory usage. Loaded Objects now: 1881.
Total: 2.428400 ms (FindLiveObjects: 0.230600 ms CreateObjectMapping: 0.055000 ms MarkObjects: 2.012600 ms  DeleteObjects: 0.128000 ms)

========================================================================
Received Import Request.
  Time since last request: 2896.370588 seconds.
  path: Assets/PolygonPi
  artifactKey: Guid(15df442ccfc38144ebe4e21937722b9b) Importer(815301076,1909f56bfc062723c751e8b465ee728b)
Start importing Assets/PolygonPi using Guid(15df442ccfc38144ebe4e21937722b9b) Importer(815301076,1909f56bfc062723c751e8b465ee728b)  -> (artifact id: '89e04fb5ba5dde4ec9b048c4fa08172e') in 0.024315 seconds
  Import took 0.028005 seconds .

========================================================================
Received Import Request.
  Time since last request: 2.017511 seconds.
  path: Assets/PolygonPi/FenceLayout
  artifactKey: Guid(65b20a52264728c4ba569c5726e6a2c1) Importer(815301076,1909f56bfc062723c751e8b465ee728b)
Start importing Assets/PolygonPi/FenceLayout using Guid(65b20a52264728c4ba569c5726e6a2c1) Importer(815301076,1909f56bfc062723c751e8b465ee728b)  -> (artifact id: '65725cfc1fcc93098e7cb9bcd4aa1e8e') in 0.019465 seconds
  Import took 0.077562 seconds .

========================================================================
Received Prepare
Registering precompiled user dll's ...
Registered in 0.000864 seconds.
Begin MonoManager ReloadAssembly
Native extension for WindowsStandalone target not found
Native extension for WebGL target not found
Refreshing native plugins compatible for Editor in 0.27 ms, found 0 plugins.
Preloading 0 native plugins for Editor in 0.00 ms.
Mono: successfully reloaded assembly
- Completed reload, in  0.852 seconds
Platform modules already initialized, skipping
Refreshing native plugins compatible for Editor in 0.31 ms, found 0 plugins.
Preloading 0 native plugins for Editor in 0.00 ms.
Unloading 1201 Unused Serialized files (Serialized files now loaded: 0)
System memory in use before: 85.0 MB.
System memory in use after: 85.1 MB.

Unloading 7 unused Assets to reduce memory usage. Loaded Objects now: 1884.
Total: 1.837200 ms (FindLiveObjects: 0.177800 ms CreateObjectMapping: 0.044500 ms MarkObjects: 1.526200 ms  DeleteObjects: 0.087700 ms)

========================================================================
Received Import Request.
  Time since last request: 7.985634 seconds.
  path: Assets/PolygonPi/FenceLayout/Editor
  artifactKey: Guid(8bd389a1df91dcb41a8cbfe51c22bb0e) Importer(815301076,1909f56bfc062723c751e8b465ee728b)
Start importing Assets/PolygonPi/FenceLayout/Editor using Guid(8bd389a1df91dcb41a8cbfe51c22bb0e) Importer(815301076,1909f56bfc062723c751e8b465ee728b)  -> (artifact id: 'baa4f628bf9214980f22c50b5693088d') in 0.009779 seconds
  Import took 0.011882 seconds .

========================================================================
Received Prepare
Registering precompiled user dll's ...
Registered in 0.000948 seconds.
Begin MonoManager ReloadAssembly
Native extension for WindowsStandalone target not found
Native extension for WebGL target not found
Refreshing native plugins compatible for Editor in 0.49 ms, found 0 plugins.
Preloading 0 native plugins for Editor in 0.00 ms.
Mono: successfully reloaded assembly
- Completed reload, in  1.180 seconds
Platform modules already initialized, skipping
Refreshing native plugins compatible for Editor in 0.28 ms, found 0 plugins.
Preloading 0 native plugins for Editor in 0.00 ms.
Unloading 1201 Unused Serialized files (Serialized files now loaded: 0)
System memory in use before: 85.0 MB.
System memory in use after: 85.1 MB.

Unloading 7 unused Assets to reduce memory usage. Loaded Objects now: 1887.
Total: 1.986600 ms (FindLiveObjects: 0.154600 ms CreateObjectMapping: 0.039700 ms MarkObjects: 1.708500 ms  DeleteObjects: 0.083000 ms)

========================================================================
Received Import Request.
  Time since last request: 3.191213 seconds.
  path: Assets/PolygonPi/FenceLayout/Example
  artifactKey: Guid(1ce7f74894c77104a9ec6bffb33092fd) Importer(815301076,1909f56bfc062723c751e8b465ee728b)
Start importing Assets/PolygonPi/FenceLayout/Example using Guid(1ce7f74894c77104a9ec6bffb33092fd) Importer(815301076,1909f56bfc062723c751e8b465ee728b)  -> (artifact id: '595338f9f16f5d3b0f98248cea59fafa') in 0.017534 seconds
  Import took 0.019966 seconds .

========================================================================
Received Import Request.
  Time since last request: 0.022379 seconds.
  path: Assets/PolygonPi/FenceLayout/Example/ExampleTerrain.asset
  artifactKey: Guid(a7c13d42294141c4c86db06247ea2d75) Importer(815301076,1909f56bfc062723c751e8b465ee728b)
Start importing Assets/PolygonPi/FenceLayout/Example/ExampleTerrain.asset using Guid(a7c13d42294141c4c86db06247ea2d75) Importer(815301076,1909f56bfc062723c751e8b465ee728b)  -> (artifact id: 'ef90cff43a5ec6aab83ff94b5c060a13') in 0.480998 seconds
  Import took 0.541659 seconds .

========================================================================
Received Import Request.
  Time since last request: 0.000476 seconds.
  path: Assets/PolygonPi/FenceLayout/Example/TreesPrefab.prefab
  artifactKey: Guid(80b3b77ed9e3e3a42955d7f0086d5eaf) Importer(815301076,1909f56bfc062723c751e8b465ee728b)
Start importing Assets/PolygonPi/FenceLayout/Example/TreesPrefab.prefab using Guid(80b3b77ed9e3e3a42955d7f0086d5eaf) Importer(815301076,1909f56bfc062723c751e8b465ee728b)  -> (artifact id: 'f5647e5d24039e18a55e68b7c07d9ae2') in 0.063986 seconds
  Import took 0.068266 seconds .

========================================================================
Received Import Request.
  Time since last request: 0.000231 seconds.
  path: Assets/PolygonPi/FenceLayout/Example/FencePanel.prefab
  artifactKey: Guid(b9c7a183a7a2e004cb24435cb080a708) Importer(815301076,1909f56bfc062723c751e8b465ee728b)
Start importing Assets/PolygonPi/FenceLayout/Example/FencePanel.prefab using Guid(b9c7a183a7a2e004cb24435cb080a708) Importer(815301076,1909f56bfc062723c751e8b465ee728b)  -> (artifact id: '77fbb78b514f4fc5e983563ab9f206dd') in 0.175339 seconds
  Import took 0.180561 seconds .

========================================================================
Received Import Request.
  Time since last request: 0.000410 seconds.
  path: Assets/PolygonPi/FenceLayout/Example/WoodMat.mat
  artifactKey: Guid(254fa9f855dcc914da4ffb2260edfa6e) Importer(815301076,1909f56bfc062723c751e8b465ee728b)
Start importing Assets/PolygonPi/FenceLayout/Example/WoodMat.mat using Guid(254fa9f855dcc914da4ffb2260edfa6e) Importer(815301076,1909f56bfc062723c751e8b465ee728b)  -> (artifact id: 'c5b65ae8f3db3dc188b8dc026717036b') in 0.367577 seconds
  Import took 0.375367 seconds .

========================================================================
Received Import Request.
  Time since last request: 0.004288 seconds.
  path: Assets/PolygonPi/FenceLayout/Example/ExampleTerrain2018.asset
  artifactKey: Guid(843e96d070df0e8499f362b1d12458be) Importer(815301076,1909f56bfc062723c751e8b465ee728b)
Start importing Assets/PolygonPi/FenceLayout/Example/ExampleTerrain2018.asset using Guid(843e96d070df0e8499f362b1d12458be) Importer(815301076,1909f56bfc062723c751e8b465ee728b)  -> (artifact id: '5e516ee43db0ff7b03a253e6b7efdaa3') in 0.318836 seconds
  Import took 0.325135 seconds .

========================================================================
Received Import Request.
  Time since last request: 0.000598 seconds.
  path: Assets/PolygonPi/FenceLayout/Example/FencePost.prefab
  artifactKey: Guid(cab90c40ab6e48540b863bd64860e39a) Importer(815301076,1909f56bfc062723c751e8b465ee728b)
Start importing Assets/PolygonPi/FenceLayout/Example/FencePost.prefab using Guid(cab90c40ab6e48540b863bd64860e39a) Importer(815301076,1909f56bfc062723c751e8b465ee728b)  -> (artifact id: '69fd85c2e13fe5242086c762507b08ff') in 0.085898 seconds
  Import took 0.093715 seconds .

========================================================================
Received Import Request.
  Time since last request: 0.000541 seconds.
  path: Assets/PolygonPi/FenceLayout/Example/wood.png
  artifactKey: Guid(768d2fd3e8ff1f347a258af72ee83da4) Importer(815301076,1909f56bfc062723c751e8b465ee728b)
Start importing Assets/PolygonPi/FenceLayout/Example/wood.png using Guid(768d2fd3e8ff1f347a258af72ee83da4) Importer(815301076,1909f56bfc062723c751e8b465ee728b)  -> (artifact id: 'b34c6aedc4777f65c8c2a48332c60186') in 0.163661 seconds
  Import took 0.169727 seconds .

========================================================================
Received Import Request.
  Time since last request: 0.000367 seconds.
  path: Assets/PolygonPi/FenceLayout/Example/FencesPrefab.prefab
  artifactKey: Guid(ffa1d3d761e5eff468dffd01f0c94d77) Importer(815301076,1909f56bfc062723c751e8b465ee728b)
Start importing Assets/PolygonPi/FenceLayout/Example/FencesPrefab.prefab using Guid(ffa1d3d761e5eff468dffd01f0c94d77) Importer(815301076,1909f56bfc062723c751e8b465ee728b)  -> (artifact id: '054a3419b1543b1936f6c549ca5ae4e8') in 0.013730 seconds
  Import took 0.018234 seconds .

========================================================================
Received Import Request.
  Time since last request: 0.000400 seconds.
  path: Assets/PolygonPi/FenceLayout/Example/GreenMat.mat
  artifactKey: Guid(8597b0f975ae5754580b9bc617045693) Importer(815301076,1909f56bfc062723c751e8b465ee728b)
Start importing Assets/PolygonPi/FenceLayout/Example/GreenMat.mat using Guid(8597b0f975ae5754580b9bc617045693) Importer(815301076,1909f56bfc062723c751e8b465ee728b)  -> (artifact id: '9798c9466293998548285d68a1deccf0') in 0.025705 seconds
  Import took 0.030927 seconds .

========================================================================
Received Import Request.
  Time since last request: 0.000436 seconds.
  path: Assets/PolygonPi/FenceLayout/Example/Tree.prefab
  artifactKey: Guid(2b1b86bc5a21a5146a27db99b2aa714f) Importer(815301076,1909f56bfc062723c751e8b465ee728b)
Start importing Assets/PolygonPi/FenceLayout/Example/Tree.prefab using Guid(2b1b86bc5a21a5146a27db99b2aa714f) Importer(815301076,1909f56bfc062723c751e8b465ee728b)  -> (artifact id: 'dd6fc764aaf50f0b8b1935a5e3da5e87') in 0.037786 seconds
  Import took 0.042435 seconds .

========================================================================
Received Prepare
Registering precompiled user dll's ...
Registered in 0.000840 seconds.
Begin MonoManager ReloadAssembly
Native extension for WindowsStandalone target not found
Native extension for WebGL target not found
Refreshing native plugins compatible for Editor in 0.27 ms, found 0 plugins.
Preloading 0 native plugins for Editor in 0.00 ms.
Mono: successfully reloaded assembly
- Completed reload, in  0.767 seconds
Platform modules already initialized, skipping
Refreshing native plugins compatible for Editor in 0.64 ms, found 0 plugins.
Preloading 0 native plugins for Editor in 0.00 ms.
Unloading 1201 Unused Serialized files (Serialized files now loaded: 0)
System memory in use before: 88.4 MB.
System memory in use after: 88.5 MB.

Unloading 7 unused Assets to reduce memory usage. Loaded Objects now: 1933.
Total: 3.542500 ms (FindLiveObjects: 0.301800 ms CreateObjectMapping: 0.086200 ms MarkObjects: 2.977000 ms  DeleteObjects: 0.175900 ms)

========================================================================
Received Prepare
Registering precompiled user dll's ...
Registered in 0.001462 seconds.
Begin MonoManager ReloadAssembly
Native extension for WindowsStandalone target not found
Native extension for WebGL target not found
Refreshing native plugins compatible for Editor in 0.43 ms, found 0 plugins.
Preloading 0 native plugins for Editor in 0.00 ms.
Mono: successfully reloaded assembly
- Completed reload, in  1.493 seconds
Platform modules already initialized, skipping
Refreshing native plugins compatible for Editor in 0.52 ms, found 0 plugins.
Preloading 0 native plugins for Editor in 0.00 ms.
Unloading 1201 Unused Serialized files (Serialized files now loaded: 0)
System memory in use before: 88.4 MB.
System memory in use after: 88.5 MB.

Unloading 7 unused Assets to reduce memory usage. Loaded Objects now: 1936.
Total: 2.496200 ms (FindLiveObjects: 0.200100 ms CreateObjectMapping: 0.058000 ms MarkObjects: 2.123600 ms  DeleteObjects: 0.113400 ms)

========================================================================
Received Prepare
Registering precompiled user dll's ...
Registered in 0.001373 seconds.
Begin MonoManager ReloadAssembly
Native extension for WindowsStandalone target not found
Native extension for WebGL target not found
Refreshing native plugins compatible for Editor in 0.70 ms, found 0 plugins.
Preloading 0 native plugins for Editor in 0.00 ms.
Mono: successfully reloaded assembly
- Completed reload, in  2.386 seconds
Platform modules already initialized, skipping
Refreshing native plugins compatible for Editor in 0.50 ms, found 0 plugins.
Preloading 0 native plugins for Editor in 0.00 ms.
Unloading 1201 Unused Serialized files (Serialized files now loaded: 0)
System memory in use before: 88.4 MB.
System memory in use after: 88.5 MB.

Unloading 7 unused Assets to reduce memory usage. Loaded Objects now: 1939.
Total: 5.031900 ms (FindLiveObjects: 0.426400 ms CreateObjectMapping: 0.139700 ms MarkObjects: 4.257600 ms  DeleteObjects: 0.205900 ms)

========================================================================
Received Prepare
Registering precompiled user dll's ...
Registered in 0.001149 seconds.
Begin MonoManager ReloadAssembly
Native extension for WindowsStandalone target not found
Native extension for WebGL target not found
Refreshing native plugins compatible for Editor in 0.37 ms, found 0 plugins.
Preloading 0 native plugins for Editor in 0.00 ms.
Mono: successfully reloaded assembly
- Completed reload, in  1.737 seconds
Platform modules already initialized, skipping
Refreshing native plugins compatible for Editor in 0.54 ms, found 0 plugins.
Preloading 0 native plugins for Editor in 0.00 ms.
Unloading 1201 Unused Serialized files (Serialized files now loaded: 0)
System memory in use before: 88.4 MB.
System memory in use after: 88.5 MB.

Unloading 7 unused Assets to reduce memory usage. Loaded Objects now: 1942.
Total: 3.207300 ms (FindLiveObjects: 0.308300 ms CreateObjectMapping: 0.069900 ms MarkObjects: 2.668100 ms  DeleteObjects: 0.158900 ms)

========================================================================
Received Prepare
Registering precompiled user dll's ...
Registered in 0.001024 seconds.
Begin MonoManager ReloadAssembly
Native extension for WindowsStandalone target not found
Native extension for WebGL target not found
Refreshing native plugins compatible for Editor in 0.46 ms, found 0 plugins.
Preloading 0 native plugins for Editor in 0.00 ms.
Mono: successfully reloaded assembly
- Completed reload, in  1.344 seconds
Platform modules already initialized, skipping
Refreshing native plugins compatible for Editor in 0.57 ms, found 0 plugins.
Preloading 0 native plugins for Editor in 0.00 ms.
Unloading 1201 Unused Serialized files (Serialized files now loaded: 0)
System memory in use before: 88.4 MB.
System memory in use after: 88.5 MB.

Unloading 7 unused Assets to reduce memory usage. Loaded Objects now: 1945.
Total: 3.276500 ms (FindLiveObjects: 0.262900 ms CreateObjectMapping: 0.105900 ms MarkObjects: 2.737300 ms  DeleteObjects: 0.168700 ms)

========================================================================
Received Prepare
Registering precompiled user dll's ...
Registered in 0.003625 seconds.
Begin MonoManager ReloadAssembly
Native extension for WindowsStandalone target not found
Native extension for WebGL target not found
Refreshing native plugins compatible for Editor in 0.35 ms, found 0 plugins.
Preloading 0 native plugins for Editor in 0.00 ms.
Mono: successfully reloaded assembly
- Completed reload, in  1.374 seconds
Platform modules already initialized, skipping
Refreshing native plugins compatible for Editor in 0.56 ms, found 0 plugins.
Preloading 0 native plugins for Editor in 0.00 ms.
Unloading 1201 Unused Serialized files (Serialized files now loaded: 0)
System memory in use before: 88.5 MB.
System memory in use after: 88.5 MB.

Unloading 7 unused Assets to reduce memory usage. Loaded Objects now: 1948.
Total: 2.677500 ms (FindLiveObjects: 0.218000 ms CreateObjectMapping: 0.058500 ms MarkObjects: 2.274400 ms  DeleteObjects: 0.125300 ms)

========================================================================
Received Prepare
Registering precompiled user dll's ...
Registered in 0.002209 seconds.
Begin MonoManager ReloadAssembly
Native extension for WindowsStandalone target not found
Native extension for WebGL target not found
Refreshing native plugins compatible for Editor in 0.67 ms, found 0 plugins.
Preloading 0 native plugins for Editor in 0.00 ms.
Mono: successfully reloaded assembly
- Completed reload, in  2.286 seconds
Platform modules already initialized, skipping
Refreshing native plugins compatible for Editor in 0.50 ms, found 0 plugins.
Preloading 0 native plugins for Editor in 0.00 ms.
Unloading 1201 Unused Serialized files (Serialized files now loaded: 0)
System memory in use before: 88.5 MB.
System memory in use after: 88.5 MB.

Unloading 7 unused Assets to reduce memory usage. Loaded Objects now: 1951.
Total: 4.892600 ms (FindLiveObjects: 0.514500 ms CreateObjectMapping: 0.170500 ms MarkObjects: 3.999000 ms  DeleteObjects: 0.206000 ms)

========================================================================
Received Prepare
Registering precompiled user dll's ...
Registered in 0.006088 seconds.
Begin MonoManager ReloadAssembly
Native extension for WindowsStandalone target not found
Native extension for WebGL target not found
Refreshing native plugins compatible for Editor in 0.60 ms, found 0 plugins.
Preloading 0 native plugins for Editor in 0.00 ms.
Mono: successfully reloaded assembly
- Completed reload, in  1.500 seconds
Platform modules already initialized, skipping
Refreshing native plugins compatible for Editor in 0.34 ms, found 0 plugins.
Preloading 0 native plugins for Editor in 0.00 ms.
Unloading 1201 Unused Serialized files (Serialized files now loaded: 0)
System memory in use before: 88.5 MB.
System memory in use after: 88.5 MB.

Unloading 7 unused Assets to reduce memory usage. Loaded Objects now: 1954.
Total: 3.328100 ms (FindLiveObjects: 0.319000 ms CreateObjectMapping: 0.103300 ms MarkObjects: 2.743800 ms  DeleteObjects: 0.160100 ms)

AssetImportWorkerClient::OnTransportError - code=2 error=End of file
