Using pre-set license
Built from '2020.3/staging' branch; Version is '2020.3.9f1 (108be757e447) revision 1084391'; Using compiler version '192528614'; Build Type 'Release'
OS: 'Windows 10 Pro; OS build 19042.985; Version 2009; 64bit' Language: 'ru' Physical Memory: 16336 MB
BatchMode: 1, IsHumanControllingUs: 0, StartBugReporterOnCrash: 0, Is64bit: 1, IsPro: 0

 COMMAND LINE ARGUMENTS:
C:\Program Files\Unity\Hub\Editor\2020.3.9f1\Editor\Unity.exe
-adb2
-batchMode
-noUpm
-name
AssetImportWorker0
-projectPath
C:/Users/mineh/RaceGame-main/Car game
-logFile
Logs/AssetImportWorker0.log
-srvPort
55926
Successfully changed project path to: C:/Users/mineh/RaceGame-main/Car game
C:/Users/mineh/RaceGame-main/Car game
Using Asset Import Pipeline V2.
Refreshing native plugins compatible for Editor in 31.94 ms, found 0 plugins.
Preloading 0 native plugins for Editor in 0.00 ms.
Initialize engine version: 2020.3.9f1 (108be757e447)
[Subsystems] Discovering subsystems at path C:/Program Files/Unity/Hub/Editor/2020.3.9f1/Editor/Data/Resources/UnitySubsystems
[Subsystems] Discovering subsystems at path C:/Users/mineh/RaceGame-main/Car game/Assets
GfxDevice: creating device client; threaded=0
Direct3D:
    Version:  Direct3D 11.0 [level 11.1]
    Renderer: NVIDIA GeForce GTX 1060 3GB (ID=0x1b84)
    Vendor:   
    VRAM:     2988 MB
    Driver:   27.21.14.5671
Initialize mono
Mono path[0] = 'C:/Program Files/Unity/Hub/Editor/2020.3.9f1/Editor/Data/Managed'
Mono path[1] = 'C:/Program Files/Unity/Hub/Editor/2020.3.9f1/Editor/Data/MonoBleedingEdge/lib/mono/unityjit'
Mono config path = 'C:/Program Files/Unity/Hub/Editor/2020.3.9f1/Editor/Data/MonoBleedingEdge/etc'
Using monoOptions --debugger-agent=transport=dt_socket,embedding=1,server=y,suspend=n,address=127.0.0.1:56724
Begin MonoManager ReloadAssembly
Registering precompiled unity dll's ...
Register platform support module: C:/Program Files/Unity/Hub/Editor/2020.3.9f1/Editor/Data/PlaybackEngines/WindowsStandaloneSupport/UnityEditor.WindowsStandalone.Extensions.dll
Registered in 0.002367 seconds.
Native extension for WindowsStandalone target not found
Refreshing native plugins compatible for Editor in 34.78 ms, found 0 plugins.
Preloading 0 native plugins for Editor in 0.00 ms.
Mono: successfully reloaded assembly
- Completed reload, in  2.056 seconds
Platform modules already initialized, skipping
Registering precompiled user dll's ...
Registered in 0.008395 seconds.
Begin MonoManager ReloadAssembly
Native extension for WindowsStandalone target not found
Refreshing native plugins compatible for Editor in 0.34 ms, found 0 plugins.
Preloading 0 native plugins for Editor in 0.00 ms.
Mono: successfully reloaded assembly
- Completed reload, in  1.296 seconds
Platform modules already initialized, skipping
========================================================================
Worker process is ready to serve import requests
Launched and connected shader compiler UnityShaderCompiler.exe after 0.22 seconds
Refreshing native plugins compatible for Editor in 0.34 ms, found 0 plugins.
Preloading 0 native plugins for Editor in 0.00 ms.
Unloading 1231 Unused Serialized files (Serialized files now loaded: 0)
System memory in use before: 87.4 MB.
System memory in use after: 87.5 MB.

Unloading 11 unused Assets to reduce memory usage. Loaded Objects now: 1812.
Total: 4.847600 ms (FindLiveObjects: 0.294200 ms CreateObjectMapping: 0.065800 ms MarkObjects: 4.360100 ms  DeleteObjects: 0.125400 ms)

========================================================================
Received Import Request.
  path: Assets/Music.cs
  artifactKey: Guid(861da3f9db621be4e9593eb363cd5df9) Importer(815301076,1909f56bfc062723c751e8b465ee728b)
Start importing Assets/Music.cs using Guid(861da3f9db621be4e9593eb363cd5df9) Importer(815301076,1909f56bfc062723c751e8b465ee728b)  -> (artifact id: '0077ee839907a05cfed7a134e1878c64') in 0.103306 seconds
  Import took 0.107781 seconds .

========================================================================
Received Prepare
Registering precompiled user dll's ...
Registered in 0.001816 seconds.
Begin MonoManager ReloadAssembly
Native extension for WindowsStandalone target not found
Refreshing native plugins compatible for Editor in 0.26 ms, found 0 plugins.
Preloading 0 native plugins for Editor in 0.00 ms.
Mono: successfully reloaded assembly
- Completed reload, in  1.029 seconds
Platform modules already initialized, skipping
Refreshing native plugins compatible for Editor in 0.30 ms, found 0 plugins.
Preloading 0 native plugins for Editor in 0.00 ms.
Unloading 1201 Unused Serialized files (Serialized files now loaded: 0)
System memory in use before: 84.9 MB.
System memory in use after: 85.0 MB.

Unloading 7 unused Assets to reduce memory usage. Loaded Objects now: 1815.
Total: 2.531800 ms (FindLiveObjects: 0.128100 ms CreateObjectMapping: 0.245900 ms MarkObjects: 2.036500 ms  DeleteObjects: 0.119800 ms)

========================================================================
Received Import Request.
  Time since last request: 10.076841 seconds.
  path: Assets/Music.cs
  artifactKey: Guid(861da3f9db621be4e9593eb363cd5df9) Importer(815301076,1909f56bfc062723c751e8b465ee728b)
Start importing Assets/Music.cs using Guid(861da3f9db621be4e9593eb363cd5df9) Importer(815301076,1909f56bfc062723c751e8b465ee728b)  -> (artifact id: 'fed15c76540557eb277029cbe0cc31a4') in 0.004019 seconds
  Import took 0.006712 seconds .

========================================================================
Received Import Request.
  Time since last request: 163.810346 seconds.
  path: Assets/CURSED_PIMP_-_KILL_THE_LIVING_Phonk.mp3
  artifactKey: Guid(fe6c98df16f80c2439f65a72d2c4646d) Importer(815301076,1909f56bfc062723c751e8b465ee728b)
Start importing Assets/CURSED_PIMP_-_KILL_THE_LIVING_Phonk.mp3 using Guid(fe6c98df16f80c2439f65a72d2c4646d) Importer(815301076,1909f56bfc062723c751e8b465ee728b)  -> (artifact id: 'f24b8cd91019d0743e406ad8c774c3d1') in 0.121123 seconds
  Import took 0.123862 seconds .

========================================================================
Received Import Request.
  Time since last request: 4.685207 seconds.
  path: Assets/PHONK_DRIFT_10_6SIX_6SIX_6SIX_SHADOW1.mp3
  artifactKey: Guid(4bb303e3caa56c7438ddc556a3400fce) Importer(815301076,1909f56bfc062723c751e8b465ee728b)
Start importing Assets/PHONK_DRIFT_10_6SIX_6SIX_6SIX_SHADOW1.mp3 using Guid(4bb303e3caa56c7438ddc556a3400fce) Importer(815301076,1909f56bfc062723c751e8b465ee728b)  -> (artifact id: '8a1f4d273ec51a71375f096bdaee16da') in 0.010465 seconds
  Import took 0.013253 seconds .

========================================================================
Received Import Request.
  Time since last request: 5.027906 seconds.
  path: Assets/PHOROMANE_-_KILLASTORE.mp3
  artifactKey: Guid(d2194ec9b1b4a5544ab94c878550bc12) Importer(815301076,1909f56bfc062723c751e8b465ee728b)
Start importing Assets/PHOROMANE_-_KILLASTORE.mp3 using Guid(d2194ec9b1b4a5544ab94c878550bc12) Importer(815301076,1909f56bfc062723c751e8b465ee728b)  -> (artifact id: '8a6793cd13f85e03446e26938403daf9') in 0.007635 seconds
  Import took 0.010672 seconds .

========================================================================
Received Import Request.
  Time since last request: 6.942827 seconds.
  path: Assets/Scary_Garry.mp3
  artifactKey: Guid(194306b9b96ffd745b1acdf0d765efdb) Importer(815301076,1909f56bfc062723c751e8b465ee728b)
Start importing Assets/Scary_Garry.mp3 using Guid(194306b9b96ffd745b1acdf0d765efdb) Importer(815301076,1909f56bfc062723c751e8b465ee728b)  -> (artifact id: '237b86775b94e961887ad52f59250976') in 0.009007 seconds
  Import took 0.011753 seconds .

========================================================================
Received Import Request.
  Time since last request: 88.131135 seconds.
  path: Assets/PolygonPi/FenceLayout
  artifactKey: Guid(65b20a52264728c4ba569c5726e6a2c1) Importer(815301076,1909f56bfc062723c751e8b465ee728b)
Start importing Assets/PolygonPi/FenceLayout using Guid(65b20a52264728c4ba569c5726e6a2c1) Importer(815301076,1909f56bfc062723c751e8b465ee728b)  -> (artifact id: 'eb05225e9b981e3c98f5862af7654d6d') in 0.003328 seconds
  Import took 0.006839 seconds .

========================================================================
Received Import Request.
  Time since last request: 2.894419 seconds.
  path: Assets/PolygonPi/FenceLayout/Example
  artifactKey: Guid(1ce7f74894c77104a9ec6bffb33092fd) Importer(815301076,1909f56bfc062723c751e8b465ee728b)
Start importing Assets/PolygonPi/FenceLayout/Example using Guid(1ce7f74894c77104a9ec6bffb33092fd) Importer(815301076,1909f56bfc062723c751e8b465ee728b)  -> (artifact id: '57195aeee6f18c28e0f9599d2b678c17') in 0.008880 seconds
  Import took 0.012070 seconds .

========================================================================
Received Import Request.
  Time since last request: 0.053955 seconds.
  path: Assets/PolygonPi/FenceLayout/Example/ExampleTerrain.asset
  artifactKey: Guid(a7c13d42294141c4c86db06247ea2d75) Importer(815301076,1909f56bfc062723c751e8b465ee728b)
Start importing Assets/PolygonPi/FenceLayout/Example/ExampleTerrain.asset using Guid(a7c13d42294141c4c86db06247ea2d75) Importer(815301076,1909f56bfc062723c751e8b465ee728b)  -> (artifact id: '80a8a353061673b7af2aff61c45f9379') in 0.026611 seconds
  Import took 0.035262 seconds .

========================================================================
Received Import Request.
  Time since last request: 0.000199 seconds.
  path: Assets/PolygonPi/FenceLayout/Example/TreesPrefab.prefab
  artifactKey: Guid(80b3b77ed9e3e3a42955d7f0086d5eaf) Importer(815301076,1909f56bfc062723c751e8b465ee728b)
Start importing Assets/PolygonPi/FenceLayout/Example/TreesPrefab.prefab using Guid(80b3b77ed9e3e3a42955d7f0086d5eaf) Importer(815301076,1909f56bfc062723c751e8b465ee728b)  -> (artifact id: '98a36bc0a7e63bc8c42b1f9f2693b3e6') in 0.025272 seconds
  Import took 0.027422 seconds .

========================================================================
Received Import Request.
  Time since last request: 0.000194 seconds.
  path: Assets/PolygonPi/FenceLayout/Example/FencePanel.prefab
  artifactKey: Guid(b9c7a183a7a2e004cb24435cb080a708) Importer(815301076,1909f56bfc062723c751e8b465ee728b)
Start importing Assets/PolygonPi/FenceLayout/Example/FencePanel.prefab using Guid(b9c7a183a7a2e004cb24435cb080a708) Importer(815301076,1909f56bfc062723c751e8b465ee728b)  -> (artifact id: '032d82927cd5ddf49db754e6f1322b44') in 0.024372 seconds
  Import took 0.026977 seconds .

========================================================================
Received Import Request.
  Time since last request: 0.000213 seconds.
  path: Assets/PolygonPi/FenceLayout/Example/WoodMat.mat
  artifactKey: Guid(254fa9f855dcc914da4ffb2260edfa6e) Importer(815301076,1909f56bfc062723c751e8b465ee728b)
Start importing Assets/PolygonPi/FenceLayout/Example/WoodMat.mat using Guid(254fa9f855dcc914da4ffb2260edfa6e) Importer(815301076,1909f56bfc062723c751e8b465ee728b)  -> (artifact id: '48d913a01b9430ce35df0133be1d3f45') in 0.039280 seconds
  Import took 0.042004 seconds .

========================================================================
Received Import Request.
  Time since last request: 0.000206 seconds.
  path: Assets/PolygonPi/FenceLayout/Example/FencePost.prefab
  artifactKey: Guid(cab90c40ab6e48540b863bd64860e39a) Importer(815301076,1909f56bfc062723c751e8b465ee728b)
Start importing Assets/PolygonPi/FenceLayout/Example/FencePost.prefab using Guid(cab90c40ab6e48540b863bd64860e39a) Importer(815301076,1909f56bfc062723c751e8b465ee728b)  -> (artifact id: 'cb0751379028cf1bfcf1ba83cea046d4') in 0.008556 seconds
  Import took 0.011069 seconds .

========================================================================
Received Import Request.
  Time since last request: 0.000210 seconds.
  path: Assets/PolygonPi/FenceLayout/Example/wood.png
  artifactKey: Guid(768d2fd3e8ff1f347a258af72ee83da4) Importer(815301076,1909f56bfc062723c751e8b465ee728b)
Start importing Assets/PolygonPi/FenceLayout/Example/wood.png using Guid(768d2fd3e8ff1f347a258af72ee83da4) Importer(815301076,1909f56bfc062723c751e8b465ee728b)  -> (artifact id: 'bcc26b8ff60e2d9dc89f99a1caa93cb2') in 0.035190 seconds
  Import took 0.037677 seconds .

========================================================================
Received Import Request.
  Time since last request: 0.000220 seconds.
  path: Assets/PolygonPi/FenceLayout/Example/FencesPrefab.prefab
  artifactKey: Guid(ffa1d3d761e5eff468dffd01f0c94d77) Importer(815301076,1909f56bfc062723c751e8b465ee728b)
Start importing Assets/PolygonPi/FenceLayout/Example/FencesPrefab.prefab using Guid(ffa1d3d761e5eff468dffd01f0c94d77) Importer(815301076,1909f56bfc062723c751e8b465ee728b)  -> (artifact id: '5489e65e7537ab8ffc8e0a4dae0505e8') in 0.004665 seconds
  Import took 0.008544 seconds .

========================================================================
Received Import Request.
  Time since last request: 0.000204 seconds.
  path: Assets/PolygonPi/FenceLayout/Example/GreenMat.mat
  artifactKey: Guid(8597b0f975ae5754580b9bc617045693) Importer(815301076,1909f56bfc062723c751e8b465ee728b)
Start importing Assets/PolygonPi/FenceLayout/Example/GreenMat.mat using Guid(8597b0f975ae5754580b9bc617045693) Importer(815301076,1909f56bfc062723c751e8b465ee728b)  -> (artifact id: 'ab564f12e3779869cc13d4918043052c') in 0.009812 seconds
  Import took 0.013471 seconds .

========================================================================
Received Import Request.
  Time since last request: 0.000189 seconds.
  path: Assets/PolygonPi/FenceLayout/Example/Tree.prefab
  artifactKey: Guid(2b1b86bc5a21a5146a27db99b2aa714f) Importer(815301076,1909f56bfc062723c751e8b465ee728b)
Start importing Assets/PolygonPi/FenceLayout/Example/Tree.prefab using Guid(2b1b86bc5a21a5146a27db99b2aa714f) Importer(815301076,1909f56bfc062723c751e8b465ee728b)  -> (artifact id: 'ce23d15cdff70d128218bc20b19c97f6') in 0.008445 seconds
  Import took 0.011067 seconds .

========================================================================
Received Prepare
Registering precompiled user dll's ...
Registered in 0.002111 seconds.
Begin MonoManager ReloadAssembly
Native extension for WindowsStandalone target not found
Refreshing native plugins compatible for Editor in 0.30 ms, found 0 plugins.
Preloading 0 native plugins for Editor in 0.00 ms.
Mono: successfully reloaded assembly
- Completed reload, in  1.075 seconds
Platform modules already initialized, skipping
Refreshing native plugins compatible for Editor in 0.43 ms, found 0 plugins.
Preloading 0 native plugins for Editor in 0.00 ms.
Unloading 1201 Unused Serialized files (Serialized files now loaded: 0)
System memory in use before: 88.4 MB.
System memory in use after: 88.4 MB.

Unloading 7 unused Assets to reduce memory usage. Loaded Objects now: 1863.
Total: 2.132900 ms (FindLiveObjects: 0.171100 ms CreateObjectMapping: 0.047900 ms MarkObjects: 1.808100 ms  DeleteObjects: 0.104500 ms)

========================================================================
Received Import Request.
  Time since last request: 352.147160 seconds.
  path: Assets/Music.cs
  artifactKey: Guid(861da3f9db621be4e9593eb363cd5df9) Importer(815301076,1909f56bfc062723c751e8b465ee728b)
Start importing Assets/Music.cs using Guid(861da3f9db621be4e9593eb363cd5df9) Importer(815301076,1909f56bfc062723c751e8b465ee728b)  -> (artifact id: 'f899ba5766fbe8e831eebf024d282feb') in 0.008274 seconds
  Import took 0.011741 seconds .

========================================================================
Received Import Request.
  Time since last request: 106.230440 seconds.
  path: Assets/Win.cs
  artifactKey: Guid(a981824ec7934cc4eabad677640d14e0) Importer(815301076,1909f56bfc062723c751e8b465ee728b)
Start importing Assets/Win.cs using Guid(a981824ec7934cc4eabad677640d14e0) Importer(815301076,1909f56bfc062723c751e8b465ee728b)  -> (artifact id: '9de3f2818777da48f3bc33f7ca5e599a') in 0.002494 seconds
  Import took 0.005189 seconds .

========================================================================
Received Import Request.
  Time since last request: 0.003077 seconds.
  path: Assets/Win.cs
  artifactKey: Guid(a981824ec7934cc4eabad677640d14e0) Importer(815301076,1909f56bfc062723c751e8b465ee728b)
Start importing Assets/Win.cs using Guid(a981824ec7934cc4eabad677640d14e0) Importer(815301076,1909f56bfc062723c751e8b465ee728b)  -> (artifact id: '9de3f2818777da48f3bc33f7ca5e599a') in 0.002649 seconds
  Import took 0.005150 seconds .

========================================================================
Received Prepare
Registering precompiled user dll's ...
Registered in 0.001935 seconds.
Begin MonoManager ReloadAssembly
Native extension for WindowsStandalone target not found
Refreshing native plugins compatible for Editor in 0.30 ms, found 0 plugins.
Preloading 0 native plugins for Editor in 0.00 ms.
Mono: successfully reloaded assembly
- Completed reload, in  1.616 seconds
Platform modules already initialized, skipping
Refreshing native plugins compatible for Editor in 0.30 ms, found 0 plugins.
Preloading 0 native plugins for Editor in 0.00 ms.
Unloading 1201 Unused Serialized files (Serialized files now loaded: 0)
System memory in use before: 88.4 MB.
System memory in use after: 88.5 MB.

Unloading 7 unused Assets to reduce memory usage. Loaded Objects now: 1866.
Total: 1.911900 ms (FindLiveObjects: 0.186800 ms CreateObjectMapping: 0.050100 ms MarkObjects: 1.438300 ms  DeleteObjects: 0.235100 ms)

========================================================================
Received Prepare
Registering precompiled user dll's ...
Registered in 0.001871 seconds.
Begin MonoManager ReloadAssembly
Native extension for WindowsStandalone target not found
Refreshing native plugins compatible for Editor in 0.38 ms, found 0 plugins.
Preloading 0 native plugins for Editor in 0.00 ms.
Mono: successfully reloaded assembly
- Completed reload, in  1.108 seconds
Platform modules already initialized, skipping
Refreshing native plugins compatible for Editor in 0.29 ms, found 0 plugins.
Preloading 0 native plugins for Editor in 0.00 ms.
Unloading 1201 Unused Serialized files (Serialized files now loaded: 0)
System memory in use before: 88.4 MB.
System memory in use after: 88.5 MB.

Unloading 7 unused Assets to reduce memory usage. Loaded Objects now: 1869.
Total: 2.558300 ms (FindLiveObjects: 0.148900 ms CreateObjectMapping: 0.044400 ms MarkObjects: 2.122000 ms  DeleteObjects: 0.241900 ms)

========================================================================
Received Prepare
Registering precompiled user dll's ...
Registered in 0.002229 seconds.
Begin MonoManager ReloadAssembly
Native extension for WindowsStandalone target not found
Refreshing native plugins compatible for Editor in 0.30 ms, found 0 plugins.
Preloading 0 native plugins for Editor in 0.00 ms.
Mono: successfully reloaded assembly
- Completed reload, in  1.055 seconds
Platform modules already initialized, skipping
Refreshing native plugins compatible for Editor in 0.37 ms, found 0 plugins.
Preloading 0 native plugins for Editor in 0.00 ms.
Unloading 1201 Unused Serialized files (Serialized files now loaded: 0)
System memory in use before: 88.4 MB.
System memory in use after: 88.5 MB.

Unloading 7 unused Assets to reduce memory usage. Loaded Objects now: 1872.
Total: 1.961600 ms (FindLiveObjects: 0.147800 ms CreateObjectMapping: 0.037500 ms MarkObjects: 1.657300 ms  DeleteObjects: 0.118200 ms)

========================================================================
Received Prepare
Registering precompiled user dll's ...
Registered in 0.001843 seconds.
Begin MonoManager ReloadAssembly
Native extension for WindowsStandalone target not found
Refreshing native plugins compatible for Editor in 0.28 ms, found 0 plugins.
Preloading 0 native plugins for Editor in 0.00 ms.
Mono: successfully reloaded assembly
- Completed reload, in  0.883 seconds
Platform modules already initialized, skipping
Refreshing native plugins compatible for Editor in 0.28 ms, found 0 plugins.
Preloading 0 native plugins for Editor in 0.00 ms.
Unloading 1201 Unused Serialized files (Serialized files now loaded: 0)
System memory in use before: 88.4 MB.
System memory in use after: 88.5 MB.

Unloading 7 unused Assets to reduce memory usage. Loaded Objects now: 1875.
Total: 1.702500 ms (FindLiveObjects: 0.162700 ms CreateObjectMapping: 0.047500 ms MarkObjects: 1.401300 ms  DeleteObjects: 0.089800 ms)

========================================================================
Received Prepare
Registering precompiled user dll's ...
Registered in 0.002352 seconds.
Begin MonoManager ReloadAssembly
Native extension for WindowsStandalone target not found
Refreshing native plugins compatible for Editor in 0.31 ms, found 0 plugins.
Preloading 0 native plugins for Editor in 0.00 ms.
Mono: successfully reloaded assembly
- Completed reload, in  1.106 seconds
Platform modules already initialized, skipping
Refreshing native plugins compatible for Editor in 0.30 ms, found 0 plugins.
Preloading 0 native plugins for Editor in 0.00 ms.
Unloading 1201 Unused Serialized files (Serialized files now loaded: 0)
System memory in use before: 88.6 MB.
System memory in use after: 88.6 MB.

Unloading 7 unused Assets to reduce memory usage. Loaded Objects now: 1878.
Total: 1.741000 ms (FindLiveObjects: 0.166500 ms CreateObjectMapping: 0.049500 ms MarkObjects: 1.420000 ms  DeleteObjects: 0.104000 ms)

========================================================================
Received Prepare
Registering precompiled user dll's ...
Registered in 0.001873 seconds.
Begin MonoManager ReloadAssembly
Native extension for WindowsStandalone target not found
Refreshing native plugins compatible for Editor in 0.27 ms, found 0 plugins.
Preloading 0 native plugins for Editor in 0.00 ms.
Mono: successfully reloaded assembly
- Completed reload, in  0.883 seconds
Platform modules already initialized, skipping
Refreshing native plugins compatible for Editor in 0.29 ms, found 0 plugins.
Preloading 0 native plugins for Editor in 0.00 ms.
Unloading 1201 Unused Serialized files (Serialized files now loaded: 0)
System memory in use before: 88.6 MB.
System memory in use after: 88.6 MB.

Unloading 7 unused Assets to reduce memory usage. Loaded Objects now: 1881.
Total: 1.920800 ms (FindLiveObjects: 0.148000 ms CreateObjectMapping: 0.040500 ms MarkObjects: 1.596100 ms  DeleteObjects: 0.135300 ms)

========================================================================
Received Prepare
Registering precompiled user dll's ...
Registered in 0.001947 seconds.
Begin MonoManager ReloadAssembly
Native extension for WindowsStandalone target not found
Refreshing native plugins compatible for Editor in 0.27 ms, found 0 plugins.
Preloading 0 native plugins for Editor in 0.00 ms.
Mono: successfully reloaded assembly
- Completed reload, in  0.935 seconds
Platform modules already initialized, skipping
Refreshing native plugins compatible for Editor in 0.29 ms, found 0 plugins.
Preloading 0 native plugins for Editor in 0.00 ms.
Unloading 1201 Unused Serialized files (Serialized files now loaded: 0)
System memory in use before: 88.6 MB.
System memory in use after: 88.7 MB.

Unloading 7 unused Assets to reduce memory usage. Loaded Objects now: 1884.
Total: 2.278400 ms (FindLiveObjects: 0.173000 ms CreateObjectMapping: 0.053100 ms MarkObjects: 1.866900 ms  DeleteObjects: 0.184000 ms)

========================================================================
Received Import Request.
  Time since last request: 362.980432 seconds.
  path: Assets/Music.cs
  artifactKey: Guid(861da3f9db621be4e9593eb363cd5df9) Importer(815301076,1909f56bfc062723c751e8b465ee728b)
Start importing Assets/Music.cs using Guid(861da3f9db621be4e9593eb363cd5df9) Importer(815301076,1909f56bfc062723c751e8b465ee728b)  -> (artifact id: '31290e8850442da4f01836291c219aff') in 0.004638 seconds
  Import took 0.007139 seconds .

========================================================================
Received Import Request.
  Time since last request: 3.567547 seconds.
  path: Assets/Music.cs
  artifactKey: Guid(861da3f9db621be4e9593eb363cd5df9) Importer(815301076,1909f56bfc062723c751e8b465ee728b)
Start importing Assets/Music.cs using Guid(861da3f9db621be4e9593eb363cd5df9) Importer(815301076,1909f56bfc062723c751e8b465ee728b)  -> (artifact id: '31290e8850442da4f01836291c219aff') in 0.002136 seconds
  Import took 0.004501 seconds .

========================================================================
Received Prepare
Registering precompiled user dll's ...
Registered in 0.001812 seconds.
Begin MonoManager ReloadAssembly
Native extension for WindowsStandalone target not found
Refreshing native plugins compatible for Editor in 0.28 ms, found 0 plugins.
Preloading 0 native plugins for Editor in 0.00 ms.
Mono: successfully reloaded assembly
- Completed reload, in  1.072 seconds
Platform modules already initialized, skipping
Refreshing native plugins compatible for Editor in 0.30 ms, found 0 plugins.
Preloading 0 native plugins for Editor in 0.00 ms.
Unloading 1201 Unused Serialized files (Serialized files now loaded: 0)
System memory in use before: 88.6 MB.
System memory in use after: 88.7 MB.

Unloading 7 unused Assets to reduce memory usage. Loaded Objects now: 1887.
Total: 1.840400 ms (FindLiveObjects: 0.179100 ms CreateObjectMapping: 0.053800 ms MarkObjects: 1.502600 ms  DeleteObjects: 0.103400 ms)

========================================================================
Received Import Request.
  Time since last request: 60.977778 seconds.
  path: Assets/DreamForestTree/Materials/bark 1.mat
  artifactKey: Guid(6b7f736d12caf9240b8e9b479342a281) Importer(815301076,1909f56bfc062723c751e8b465ee728b)
Start importing Assets/DreamForestTree/Materials/bark 1.mat using Guid(6b7f736d12caf9240b8e9b479342a281) Importer(815301076,1909f56bfc062723c751e8b465ee728b)  -> (artifact id: '8b4165fb24064bbe3bcb898a97fdc7be') in 0.412349 seconds
  Import took 0.415022 seconds .

========================================================================
Received Import Request.
  Time since last request: 0.000308 seconds.
  path: Assets/DreamForestTree/Particle/something.mat
  artifactKey: Guid(3e4646c8db2b75145a91e37bdd7c4ec7) Importer(815301076,1909f56bfc062723c751e8b465ee728b)
Start importing Assets/DreamForestTree/Particle/something.mat using Guid(3e4646c8db2b75145a91e37bdd7c4ec7) Importer(815301076,1909f56bfc062723c751e8b465ee728b)  -> (artifact id: 'aa7f1413d822efeffe3de8e1c562e922') in 0.039262 seconds
  Import took 0.042194 seconds .

========================================================================
Received Import Request.
  Time since last request: 0.000579 seconds.
  path: Assets/DreamForestTree/TreesModels/RedWood 3.prefab
  artifactKey: Guid(84bb771a8038d2648bd2421451c4018d) Importer(815301076,1909f56bfc062723c751e8b465ee728b)
Start importing Assets/DreamForestTree/TreesModels/RedWood 3.prefab using Guid(84bb771a8038d2648bd2421451c4018d) Importer(815301076,1909f56bfc062723c751e8b465ee728b)  -> (artifact id: 'b2b489a2dfe40a0e74e18857fa618713') in 0.189891 seconds
  Import took 0.192873 seconds .

========================================================================
Received Import Request.
  Time since last request: 0.000205 seconds.
  path: Assets/EasyRoads3D/Resources/Materials/sidewalks/sidewalk 1.mat
  artifactKey: Guid(fe1905319a1f07a4982c157aa91acc6e) Importer(815301076,1909f56bfc062723c751e8b465ee728b)
Start importing Assets/EasyRoads3D/Resources/Materials/sidewalks/sidewalk 1.mat using Guid(fe1905319a1f07a4982c157aa91acc6e) Importer(815301076,1909f56bfc062723c751e8b465ee728b)  -> (artifact id: '509aa5b657a0c2232086939a4920e04c') in 0.007279 seconds
  Import took 0.009411 seconds .

========================================================================
Received Import Request.
  Time since last request: 0.000206 seconds.
  path: Assets/DreamForestTree/TreesModels/bush 2.prefab
  artifactKey: Guid(1237551950c246d43ab02b1d69e6f317) Importer(815301076,1909f56bfc062723c751e8b465ee728b)
Start importing Assets/DreamForestTree/TreesModels/bush 2.prefab using Guid(1237551950c246d43ab02b1d69e6f317) Importer(815301076,1909f56bfc062723c751e8b465ee728b)  -> (artifact id: '89ce683d2ed3ea8d013fe0c99292513b') in 0.022870 seconds
  Import took 0.025239 seconds .

========================================================================
Received Import Request.
  Time since last request: 0.000206 seconds.
  path: Assets/EasyRoads3D/Resources/Materials/crossings/crossing material.mat
  artifactKey: Guid(3c555588afad81d428ad1704d5d015a7) Importer(815301076,1909f56bfc062723c751e8b465ee728b)
Start importing Assets/EasyRoads3D/Resources/Materials/crossings/crossing material.mat using Guid(3c555588afad81d428ad1704d5d015a7) Importer(815301076,1909f56bfc062723c751e8b465ee728b)  -> (artifact id: '08e82abe5cee7e9511a87170abd7223f') in 0.015615 seconds
  Import took 0.018611 seconds .

========================================================================
Received Import Request.
  Time since last request: 0.000069 seconds.
  path: Assets/EasyRoads3D/Resources/Materials/roundabouts/roundaboutconnect 1.mat
  artifactKey: Guid(ce8bb957aa39a384eb46fd561e66303f) Importer(815301076,1909f56bfc062723c751e8b465ee728b)
Start importing Assets/EasyRoads3D/Resources/Materials/roundabouts/roundaboutconnect 1.mat using Guid(ce8bb957aa39a384eb46fd561e66303f) Importer(815301076,1909f56bfc062723c751e8b465ee728b)  -> (artifact id: 'b85796fa988ba5d75720524081f312ae') in 0.008559 seconds
  Import took 0.011610 seconds .

========================================================================
Received Import Request.
  Time since last request: 0.000231 seconds.
  path: Assets/DreamForestTree/Materials/bark 2.mat
  artifactKey: Guid(cf69de7e1b41130409b70635b3e8092b) Importer(815301076,1909f56bfc062723c751e8b465ee728b)
Start importing Assets/DreamForestTree/Materials/bark 2.mat using Guid(cf69de7e1b41130409b70635b3e8092b) Importer(815301076,1909f56bfc062723c751e8b465ee728b)  -> (artifact id: '282d8b549bd820aadcf8937ce3997d56') in 0.018185 seconds
  Import took 0.022220 seconds .

========================================================================
Received Import Request.
  Time since last request: 0.000309 seconds.
  path: Assets/DreamForestTree/TreesModels/bush 1.prefab
  artifactKey: Guid(4c001ec3cbfef9446a573fe16815e9af) Importer(815301076,1909f56bfc062723c751e8b465ee728b)
Start importing Assets/DreamForestTree/TreesModels/bush 1.prefab using Guid(4c001ec3cbfef9446a573fe16815e9af) Importer(815301076,1909f56bfc062723c751e8b465ee728b)  -> (artifact id: '17f33e7185aa39ff06a8294a36e1a2ba') in 0.023024 seconds
  Import took 0.025751 seconds .

========================================================================
Received Import Request.
  Time since last request: 0.000224 seconds.
  path: Assets/DreamForestTree/Materials/leaf.mat
  artifactKey: Guid(d4d7f49b9b732ca4584a061ff1e07bac) Importer(815301076,1909f56bfc062723c751e8b465ee728b)
Start importing Assets/DreamForestTree/Materials/leaf.mat using Guid(d4d7f49b9b732ca4584a061ff1e07bac) Importer(815301076,1909f56bfc062723c751e8b465ee728b)  -> (artifact id: 'f1f603c65c8c21dbebc20d67ee7e5444') in 0.284643 seconds
  Import took 0.287598 seconds .

========================================================================
Received Import Request.
  Time since last request: 0.000267 seconds.
  path: Assets/DreamForestTree/TreesModels/RedWood 5.prefab
  artifactKey: Guid(a7984f59c227d0240b9771d2797a085c) Importer(815301076,1909f56bfc062723c751e8b465ee728b)
Start importing Assets/DreamForestTree/TreesModels/RedWood 5.prefab using Guid(a7984f59c227d0240b9771d2797a085c) Importer(815301076,1909f56bfc062723c751e8b465ee728b)  -> (artifact id: 'b84ed1156362b0947caf4753a7f6f4a3') in 0.025954 seconds
  Import took 0.028355 seconds .

========================================================================
Received Import Request.
  Time since last request: 0.000287 seconds.
  path: Assets/DreamForestTree/TreesModels/RedWood 4.prefab
  artifactKey: Guid(7d39a68237432ea41ae92c75eb21dcf4) Importer(815301076,1909f56bfc062723c751e8b465ee728b)
Start importing Assets/DreamForestTree/TreesModels/RedWood 4.prefab using Guid(7d39a68237432ea41ae92c75eb21dcf4) Importer(815301076,1909f56bfc062723c751e8b465ee728b)  -> (artifact id: 'd15ac15584bab2ff5194b86ce911a6a9') in 0.057881 seconds
  Import took 0.060743 seconds .

========================================================================
Received Import Request.
  Time since last request: 0.000265 seconds.
  path: Assets/DreamForestTree/Shaft/shaft.mat
  artifactKey: Guid(60c22c2cc1c23a341911b5d9a861c24f) Importer(815301076,1909f56bfc062723c751e8b465ee728b)
Start importing Assets/DreamForestTree/Shaft/shaft.mat using Guid(60c22c2cc1c23a341911b5d9a861c24f) Importer(815301076,1909f56bfc062723c751e8b465ee728b)  -> (artifact id: '76ebcb162bf39f5fc8cd298d9100c7bd') in 0.009729 seconds
  Import took 0.012739 seconds .

========================================================================
Received Import Request.
  Time since last request: 0.001158 seconds.
  path: Assets/DreamForestTree/Materials/ClearSky.mat
  artifactKey: Guid(6413a54c29d866642ac7511f59760dd5) Importer(815301076,1909f56bfc062723c751e8b465ee728b)
Start importing Assets/DreamForestTree/Materials/ClearSky.mat using Guid(6413a54c29d866642ac7511f59760dd5) Importer(815301076,1909f56bfc062723c751e8b465ee728b)  -> (artifact id: 'fd76f9d8a147c9c46b535dfbe5cd8e0f') in 0.050741 seconds
  Import took 0.053270 seconds .

========================================================================
Received Import Request.
  Time since last request: 0.000212 seconds.
  path: Assets/EasyRoads3D/Materials/roadsample_d.mat
  artifactKey: Guid(c4175582b801f5b4e9c70608f72dc876) Importer(815301076,1909f56bfc062723c751e8b465ee728b)
Start importing Assets/EasyRoads3D/Materials/roadsample_d.mat using Guid(c4175582b801f5b4e9c70608f72dc876) Importer(815301076,1909f56bfc062723c751e8b465ee728b)  -> (artifact id: '63d7d5e4b05649714a09dd246d17d8ca') in 0.144360 seconds
  Import took 0.148422 seconds .

========================================================================
Received Import Request.
  Time since last request: 0.000766 seconds.
  path: Assets/EasyRoads3D scenes/Terrain Assets/sky ER.mat
  artifactKey: Guid(70ad4885b1f34044eb595ed36d9f1ef1) Importer(815301076,1909f56bfc062723c751e8b465ee728b)
Start importing Assets/EasyRoads3D scenes/Terrain Assets/sky ER.mat using Guid(70ad4885b1f34044eb595ed36d9f1ef1) Importer(815301076,1909f56bfc062723c751e8b465ee728b)  -> (artifact id: 'a48039f2f5811f1f6274b35690c9419a') in 0.009364 seconds
  Import took 0.011708 seconds .

========================================================================
Received Import Request.
  Time since last request: 0.000230 seconds.
  path: Assets/EasyRoads3D/Resources/Materials/surfaceMaterial.mat
  artifactKey: Guid(6df83606ee896204ea5f2925b610f5fb) Importer(815301076,1909f56bfc062723c751e8b465ee728b)
Start importing Assets/EasyRoads3D/Resources/Materials/surfaceMaterial.mat using Guid(6df83606ee896204ea5f2925b610f5fb) Importer(815301076,1909f56bfc062723c751e8b465ee728b)  -> (artifact id: '01dad94b7c27f2306b65981eef63889d') in 0.141691 seconds
  Import took 0.144049 seconds .

========================================================================
Received Import Request.
  Time since last request: 0.000214 seconds.
  path: Assets/EasyRoads3D/Resources/Materials/roads/road material.mat
  artifactKey: Guid(f182e2714eb8a714a99ed091081ce16c) Importer(815301076,1909f56bfc062723c751e8b465ee728b)
Start importing Assets/EasyRoads3D/Resources/Materials/roads/road material.mat using Guid(f182e2714eb8a714a99ed091081ce16c) Importer(815301076,1909f56bfc062723c751e8b465ee728b)  -> (artifact id: '8d9cc049ecdc71f28c443d2480471f56') in 0.013237 seconds
  Import took 0.015829 seconds .

========================================================================
Received Import Request.
  Time since last request: 0.000217 seconds.
  path: Assets/DreamForestTree/Materials/terrain.mat
  artifactKey: Guid(e3694e4eb82c06d4b8309907deac269a) Importer(815301076,1909f56bfc062723c751e8b465ee728b)
Start importing Assets/DreamForestTree/Materials/terrain.mat using Guid(e3694e4eb82c06d4b8309907deac269a) Importer(815301076,1909f56bfc062723c751e8b465ee728b)  -> (artifact id: 'e032bdf2b56f383498b542c007e12afc') in 0.178445 seconds
  Import took 0.181182 seconds .

========================================================================
Received Import Request.
  Time since last request: 0.000205 seconds.
  path: Assets/EasyRoads3D/Resources/Materials/sidewalks/sidewalk.mat
  artifactKey: Guid(d74dc327ca3fad8408eeeaf8ad54a110) Importer(815301076,1909f56bfc062723c751e8b465ee728b)
Start importing Assets/EasyRoads3D/Resources/Materials/sidewalks/sidewalk.mat using Guid(d74dc327ca3fad8408eeeaf8ad54a110) Importer(815301076,1909f56bfc062723c751e8b465ee728b)  -> (artifact id: '8fc29b472fc8a034ce2f08183023894c') in 0.008770 seconds
  Import took 0.010929 seconds .

========================================================================
Received Import Request.
  Time since last request: 0.000209 seconds.
  path: Assets/EasyRoads3D/Resources/Materials/roads/dirt material.mat
  artifactKey: Guid(adc944e9dc23e0e4eb2afafd0fb54df3) Importer(815301076,1909f56bfc062723c751e8b465ee728b)
Start importing Assets/EasyRoads3D/Resources/Materials/roads/dirt material.mat using Guid(adc944e9dc23e0e4eb2afafd0fb54df3) Importer(815301076,1909f56bfc062723c751e8b465ee728b)  -> (artifact id: 'bc30c70f21fd3e92f4fef77f4dd044e1') in 0.007021 seconds
  Import took 0.009206 seconds .

========================================================================
Received Import Request.
  Time since last request: 0.000216 seconds.
  path: Assets/EasyRoads3D/Resources/Materials/crossings/road X sidewalks.mat
  artifactKey: Guid(144b9477c70e50d45aebaec90e9e9515) Importer(815301076,1909f56bfc062723c751e8b465ee728b)
Start importing Assets/EasyRoads3D/Resources/Materials/crossings/road X sidewalks.mat using Guid(144b9477c70e50d45aebaec90e9e9515) Importer(815301076,1909f56bfc062723c751e8b465ee728b)  -> (artifact id: '5364bca875f10b85f8320e5426617473') in 0.007342 seconds
  Import took 0.009628 seconds .

========================================================================
Received Import Request.
  Time since last request: 0.000209 seconds.
  path: Assets/DreamForestTree/Materials/bush 1.mat
  artifactKey: Guid(fc65f1438bd63264788c8a5bbb97ddce) Importer(815301076,1909f56bfc062723c751e8b465ee728b)
Start importing Assets/DreamForestTree/Materials/bush 1.mat using Guid(fc65f1438bd63264788c8a5bbb97ddce) Importer(815301076,1909f56bfc062723c751e8b465ee728b)  -> (artifact id: '6eb4493079c19b06414f789c8bbb6a40') in 0.020494 seconds
  Import took 0.025696 seconds .

========================================================================
Received Import Request.
  Time since last request: 0.000329 seconds.
  path: Assets/DreamForestTree/Materials/water.mat
  artifactKey: Guid(5e990a13fe1bf22488921a73c2814e7d) Importer(815301076,1909f56bfc062723c751e8b465ee728b)
Start importing Assets/DreamForestTree/Materials/water.mat using Guid(5e990a13fe1bf22488921a73c2814e7d) Importer(815301076,1909f56bfc062723c751e8b465ee728b)  -> (artifact id: 'de6267f221cb857f7983e9a0cdd67bc1') in 0.295011 seconds
  Import took 0.297507 seconds .

========================================================================
Received Import Request.
  Time since last request: 0.000310 seconds.
  path: Assets/DreamForestTree/TreesModels/RedWood 2.prefab
  artifactKey: Guid(6c9e41e24d2bc6b488c927f43944457b) Importer(815301076,1909f56bfc062723c751e8b465ee728b)
Start importing Assets/DreamForestTree/TreesModels/RedWood 2.prefab using Guid(6c9e41e24d2bc6b488c927f43944457b) Importer(815301076,1909f56bfc062723c751e8b465ee728b)  -> (artifact id: '4eb8ce49a31f092f61fe6a7cefe8044c') in 0.029269 seconds
  Import took 0.032085 seconds .

========================================================================
Received Import Request.
  Time since last request: 0.000293 seconds.
  path: Assets/EasyRoads3D/Resources/Materials/roundabouts/roundabout 2 lane.mat
  artifactKey: Guid(55e19257e99adea4380d1160ee92af9f) Importer(815301076,1909f56bfc062723c751e8b465ee728b)
Start importing Assets/EasyRoads3D/Resources/Materials/roundabouts/roundabout 2 lane.mat using Guid(55e19257e99adea4380d1160ee92af9f) Importer(815301076,1909f56bfc062723c751e8b465ee728b)  -> (artifact id: 'cb4ebce67ab566659cf079b050ec79cd') in 0.018661 seconds
  Import took 0.022038 seconds .

========================================================================
Received Import Request.
  Time since last request: 0.000103 seconds.
  path: Assets/DreamForestTree/Materials/bush 2.mat
  artifactKey: Guid(032ad1b94e27e1041a630e9862184942) Importer(815301076,1909f56bfc062723c751e8b465ee728b)
Start importing Assets/DreamForestTree/Materials/bush 2.mat using Guid(032ad1b94e27e1041a630e9862184942) Importer(815301076,1909f56bfc062723c751e8b465ee728b)  -> (artifact id: 'e31f7034ff4c8ff4de8fe1a3b87a47cb') in 0.017953 seconds
  Import took 0.023591 seconds .

========================================================================
Received Import Request.
  Time since last request: 0.000305 seconds.
  path: Assets/DreamForestTree/Materials/No Name.mat
  artifactKey: Guid(c70ace258a62a9f4d8cedc70d51484a0) Importer(815301076,1909f56bfc062723c751e8b465ee728b)
Start importing Assets/DreamForestTree/Materials/No Name.mat using Guid(c70ace258a62a9f4d8cedc70d51484a0) Importer(815301076,1909f56bfc062723c751e8b465ee728b)  -> (artifact id: '0a286ec4b49e1d59e75212542a860686') in 0.010849 seconds
  Import took 0.013241 seconds .

========================================================================
Received Import Request.
  Time since last request: 379.597714 seconds.
  path: Assets/Skybox
  artifactKey: Guid(94dca3b5db5a7d24bbd6bc5e4ec30cd8) Importer(815301076,1909f56bfc062723c751e8b465ee728b)
Start importing Assets/Skybox using Guid(94dca3b5db5a7d24bbd6bc5e4ec30cd8) Importer(815301076,1909f56bfc062723c751e8b465ee728b)  -> (artifact id: '86f2a9246d228f08455fa4027ae855ab') in 0.002499 seconds
  Import took 0.005357 seconds .

========================================================================
Received Import Request.
  Time since last request: 1.975274 seconds.
  path: Assets/Skybox/Scene
  artifactKey: Guid(570cba0f0f14e2c41a3870c6e4989832) Importer(815301076,1909f56bfc062723c751e8b465ee728b)
Start importing Assets/Skybox/Scene using Guid(570cba0f0f14e2c41a3870c6e4989832) Importer(815301076,1909f56bfc062723c751e8b465ee728b)  -> (artifact id: '9d19acbfbf4c3b5daa6cb2d1dd1176c1') in 0.002652 seconds
  Import took 0.004992 seconds .

========================================================================
Received Import Request.
  Time since last request: 4.476134 seconds.
  path: Assets/Skybox/Materials
  artifactKey: Guid(c24b7eb175a60b744b7defb86dbc1722) Importer(815301076,1909f56bfc062723c751e8b465ee728b)
Start importing Assets/Skybox/Materials using Guid(c24b7eb175a60b744b7defb86dbc1722) Importer(815301076,1909f56bfc062723c751e8b465ee728b)  -> (artifact id: '7ef91ea40a9026cf50b4243684b20000') in 0.002544 seconds
  Import took 0.005445 seconds .

========================================================================
Received Import Request.
  Time since last request: 0.035675 seconds.
  path: Assets/Skybox/Materials/Skybox_Daytime.mat
  artifactKey: Guid(71f14a2d79f732f4d9893ef1b911f4ff) Importer(815301076,1909f56bfc062723c751e8b465ee728b)
Start importing Assets/Skybox/Materials/Skybox_Daytime.mat using Guid(71f14a2d79f732f4d9893ef1b911f4ff) Importer(815301076,1909f56bfc062723c751e8b465ee728b)  -> (artifact id: 'f1e92cd3eb0b0e92a7c839cb7bfeb0b4') in 0.054773 seconds
  Import took 0.059232 seconds .

========================================================================
Received Import Request.
  Time since last request: 0.000351 seconds.
  path: Assets/Skybox/Materials/Skybox_Sunset.mat
  artifactKey: Guid(4067de1a02072244798361060c5e7325) Importer(815301076,1909f56bfc062723c751e8b465ee728b)
Start importing Assets/Skybox/Materials/Skybox_Sunset.mat using Guid(4067de1a02072244798361060c5e7325) Importer(815301076,1909f56bfc062723c751e8b465ee728b)  -> (artifact id: '3904dbd85d40d94cef9b517a2b836709') in 0.050653 seconds
  Import took 0.054927 seconds .

========================================================================
Received Prepare
Registering precompiled user dll's ...
Registered in 0.007731 seconds.
Begin MonoManager ReloadAssembly
Native extension for WindowsStandalone target not found
Refreshing native plugins compatible for Editor in 0.27 ms, found 0 plugins.
Preloading 0 native plugins for Editor in 0.00 ms.
Mono: successfully reloaded assembly
- Completed reload, in  1.057 seconds
Platform modules already initialized, skipping
Refreshing native plugins compatible for Editor in 0.48 ms, found 0 plugins.
Preloading 0 native plugins for Editor in 0.00 ms.
Unloading 1201 Unused Serialized files (Serialized files now loaded: 0)
System memory in use before: 89.7 MB.
System memory in use after: 89.7 MB.

Unloading 7 unused Assets to reduce memory usage. Loaded Objects now: 1898.
Total: 2.502000 ms (FindLiveObjects: 0.244900 ms CreateObjectMapping: 0.048000 ms MarkObjects: 2.040100 ms  DeleteObjects: 0.167700 ms)

========================================================================
Received Prepare
Registering precompiled user dll's ...
Registered in 0.002215 seconds.
Begin MonoManager ReloadAssembly
Native extension for WindowsStandalone target not found
Refreshing native plugins compatible for Editor in 0.27 ms, found 0 plugins.
Preloading 0 native plugins for Editor in 0.00 ms.
Mono: successfully reloaded assembly
- Completed reload, in  0.944 seconds
Platform modules already initialized, skipping
Refreshing native plugins compatible for Editor in 0.32 ms, found 0 plugins.
Preloading 0 native plugins for Editor in 0.00 ms.
Unloading 1201 Unused Serialized files (Serialized files now loaded: 0)
System memory in use before: 89.7 MB.
System memory in use after: 89.7 MB.

Unloading 7 unused Assets to reduce memory usage. Loaded Objects now: 1901.
Total: 1.782500 ms (FindLiveObjects: 0.168500 ms CreateObjectMapping: 0.044800 ms MarkObjects: 1.461400 ms  DeleteObjects: 0.106700 ms)

========================================================================
Received Import Request.
  Time since last request: 227.936039 seconds.
  path: Assets/Music.cs
  artifactKey: Guid(861da3f9db621be4e9593eb363cd5df9) Importer(815301076,1909f56bfc062723c751e8b465ee728b)
Start importing Assets/Music.cs using Guid(861da3f9db621be4e9593eb363cd5df9) Importer(815301076,1909f56bfc062723c751e8b465ee728b)  -> (artifact id: '600f5a790205bd56f4a238cbdce5d464') in 0.003993 seconds
  Import took 0.006146 seconds .

========================================================================
Received Import Request.
  Time since last request: 1268.877332 seconds.
  path: Assets/CURSED_PIMP_-_KILL_THE_LIVING_Phonk.mp3
  artifactKey: Guid(fe6c98df16f80c2439f65a72d2c4646d) Importer(815301076,1909f56bfc062723c751e8b465ee728b)
Start importing Assets/CURSED_PIMP_-_KILL_THE_LIVING_Phonk.mp3 using Guid(fe6c98df16f80c2439f65a72d2c4646d) Importer(815301076,1909f56bfc062723c751e8b465ee728b)  -> (artifact id: '969608f5eb0b80f9a008c8bb94e6b8d9') in 0.073548 seconds
  Import took 0.077381 seconds .

========================================================================
Received Import Request.
  Time since last request: 154.656209 seconds.
  path: Assets/PHOROMANE_-_KILLASTORE.mp3
  artifactKey: Guid(d2194ec9b1b4a5544ab94c878550bc12) Importer(815301076,1909f56bfc062723c751e8b465ee728b)
Start importing Assets/PHOROMANE_-_KILLASTORE.mp3 using Guid(d2194ec9b1b4a5544ab94c878550bc12) Importer(815301076,1909f56bfc062723c751e8b465ee728b)  -> (artifact id: '30446bc23d8c30276fe2c5acbd8a5cd7') in 0.019150 seconds
  Import took 0.021798 seconds .

========================================================================
Received Prepare
Registering precompiled user dll's ...
Registered in 0.002133 seconds.
Begin MonoManager ReloadAssembly
Native extension for WindowsStandalone target not found
Refreshing native plugins compatible for Editor in 0.30 ms, found 0 plugins.
Preloading 0 native plugins for Editor in 0.00 ms.
Mono: successfully reloaded assembly
- Completed reload, in  0.977 seconds
Platform modules already initialized, skipping
Refreshing native plugins compatible for Editor in 0.29 ms, found 0 plugins.
Preloading 0 native plugins for Editor in 0.00 ms.
Unloading 1201 Unused Serialized files (Serialized files now loaded: 0)
System memory in use before: 89.7 MB.
System memory in use after: 89.8 MB.

Unloading 7 unused Assets to reduce memory usage. Loaded Objects now: 1905.
Total: 2.442400 ms (FindLiveObjects: 0.155700 ms CreateObjectMapping: 0.041000 ms MarkObjects: 2.128100 ms  DeleteObjects: 0.116500 ms)

========================================================================
Received Prepare
Registering precompiled user dll's ...
Registered in 0.002010 seconds.
Begin MonoManager ReloadAssembly
Native extension for WindowsStandalone target not found
Refreshing native plugins compatible for Editor in 0.27 ms, found 0 plugins.
Preloading 0 native plugins for Editor in 0.00 ms.
Mono: successfully reloaded assembly
- Completed reload, in  0.994 seconds
Platform modules already initialized, skipping
Refreshing native plugins compatible for Editor in 0.29 ms, found 0 plugins.
Preloading 0 native plugins for Editor in 0.00 ms.
Unloading 1201 Unused Serialized files (Serialized files now loaded: 0)
System memory in use before: 89.7 MB.
System memory in use after: 89.8 MB.

Unloading 7 unused Assets to reduce memory usage. Loaded Objects now: 1908.
Total: 1.890900 ms (FindLiveObjects: 0.186400 ms CreateObjectMapping: 0.048500 ms MarkObjects: 1.507700 ms  DeleteObjects: 0.147200 ms)

========================================================================
Received Import Request.
  Time since last request: 65.332854 seconds.
  path: Assets/Music.cs
  artifactKey: Guid(861da3f9db621be4e9593eb363cd5df9) Importer(815301076,1909f56bfc062723c751e8b465ee728b)
Start importing Assets/Music.cs using Guid(861da3f9db621be4e9593eb363cd5df9) Importer(815301076,1909f56bfc062723c751e8b465ee728b)  -> (artifact id: '0cfe3fb913a045daae9fab4ccb3d484a') in 0.003907 seconds
  Import took 0.006050 seconds .

========================================================================
Received Prepare
Registering precompiled user dll's ...
Registered in 0.001931 seconds.
Begin MonoManager ReloadAssembly
Native extension for WindowsStandalone target not found
Refreshing native plugins compatible for Editor in 0.27 ms, found 0 plugins.
Preloading 0 native plugins for Editor in 0.00 ms.
Mono: successfully reloaded assembly
- Completed reload, in  0.920 seconds
Platform modules already initialized, skipping
Refreshing native plugins compatible for Editor in 0.41 ms, found 0 plugins.
Preloading 0 native plugins for Editor in 0.00 ms.
Unloading 1201 Unused Serialized files (Serialized files now loaded: 0)
System memory in use before: 89.7 MB.
System memory in use after: 89.8 MB.

Unloading 7 unused Assets to reduce memory usage. Loaded Objects now: 1911.
Total: 1.757100 ms (FindLiveObjects: 0.163300 ms CreateObjectMapping: 0.047600 ms MarkObjects: 1.443200 ms  DeleteObjects: 0.101900 ms)

AssetImportWorkerClient::OnTransportError - code=2 error=End of file
